<?xml version="1.0" encoding="UTF-8"?><testrun name="TokenManagement" project="TokenManagement" tests="251" started="251" failures="11" errors="1" ignored="0">
  <testsuite name="Transport4Future.TokenManagement.TokenRequestGenerationTest" time="0.2" displayname="TokenRequestGenerationTest" uniqueid="[engine:junit-jupiter]/[class:Transport4Future.TokenManagement.TokenRequestGenerationTest]">
    <testsuite name="invalidTestCases(Transport4Future.TokenManagement.TokenRequestGenerationTest)" time="0.0" displayname="Invalid Test Cases" parameters="java.lang.String,java.lang.String" uniqueid="[engine:junit-jupiter]/[class:Transport4Future.TokenManagement.TokenRequestGenerationTest]/[test-template:invalidTestCases(java.lang.String, java.lang.String)]">
      <testcase name="invalidTestCases" classname="Transport4Future.TokenManagement.TokenRequestGenerationTest" time="0.0" dynamicTest="true" displayname="1 - {2}" parameters="java.lang.String,java.lang.String" uniqueid="[engine:junit-jupiter]/[class:Transport4Future.TokenManagement.TokenRequestGenerationTest]/[test-template:invalidTestCases(java.lang.String, java.lang.String)]/[test-template-invocation:#1]"/>
      <testcase name="invalidTestCases" classname="Transport4Future.TokenManagement.TokenRequestGenerationTest" time="0.0" dynamicTest="true" displayname="2 - {2}" parameters="java.lang.String,java.lang.String" uniqueid="[engine:junit-jupiter]/[class:Transport4Future.TokenManagement.TokenRequestGenerationTest]/[test-template:invalidTestCases(java.lang.String, java.lang.String)]/[test-template-invocation:#2]"/>
      <testcase name="invalidTestCases" classname="Transport4Future.TokenManagement.TokenRequestGenerationTest" time="0.0" dynamicTest="true" displayname="3 - {2}" parameters="java.lang.String,java.lang.String" uniqueid="[engine:junit-jupiter]/[class:Transport4Future.TokenManagement.TokenRequestGenerationTest]/[test-template:invalidTestCases(java.lang.String, java.lang.String)]/[test-template-invocation:#3]"/>
      <testcase name="invalidTestCases" classname="Transport4Future.TokenManagement.TokenRequestGenerationTest" time="0.0" dynamicTest="true" displayname="4 - {2}" parameters="java.lang.String,java.lang.String" uniqueid="[engine:junit-jupiter]/[class:Transport4Future.TokenManagement.TokenRequestGenerationTest]/[test-template:invalidTestCases(java.lang.String, java.lang.String)]/[test-template-invocation:#4]"/>
      <testcase name="invalidTestCases" classname="Transport4Future.TokenManagement.TokenRequestGenerationTest" time="0.0" dynamicTest="true" displayname="5 - {2}" parameters="java.lang.String,java.lang.String" uniqueid="[engine:junit-jupiter]/[class:Transport4Future.TokenManagement.TokenRequestGenerationTest]/[test-template:invalidTestCases(java.lang.String, java.lang.String)]/[test-template-invocation:#5]"/>
      <testcase name="invalidTestCases" classname="Transport4Future.TokenManagement.TokenRequestGenerationTest" time="0.0" dynamicTest="true" displayname="6 - {2}" parameters="java.lang.String,java.lang.String" uniqueid="[engine:junit-jupiter]/[class:Transport4Future.TokenManagement.TokenRequestGenerationTest]/[test-template:invalidTestCases(java.lang.String, java.lang.String)]/[test-template-invocation:#6]"/>
      <testcase name="invalidTestCases" classname="Transport4Future.TokenManagement.TokenRequestGenerationTest" time="0.001" dynamicTest="true" displayname="7 - {2}" parameters="java.lang.String,java.lang.String" uniqueid="[engine:junit-jupiter]/[class:Transport4Future.TokenManagement.TokenRequestGenerationTest]/[test-template:invalidTestCases(java.lang.String, java.lang.String)]/[test-template-invocation:#7]"/>
      <testcase name="invalidTestCases" classname="Transport4Future.TokenManagement.TokenRequestGenerationTest" time="0.004" dynamicTest="true" displayname="8 - {2}" parameters="java.lang.String,java.lang.String" uniqueid="[engine:junit-jupiter]/[class:Transport4Future.TokenManagement.TokenRequestGenerationTest]/[test-template:invalidTestCases(java.lang.String, java.lang.String)]/[test-template-invocation:#8]"/>
      <testcase name="invalidTestCases" classname="Transport4Future.TokenManagement.TokenRequestGenerationTest" time="0.003" dynamicTest="true" displayname="9 - {2}" parameters="java.lang.String,java.lang.String" uniqueid="[engine:junit-jupiter]/[class:Transport4Future.TokenManagement.TokenRequestGenerationTest]/[test-template:invalidTestCases(java.lang.String, java.lang.String)]/[test-template-invocation:#9]"/>
      <testcase name="invalidTestCases" classname="Transport4Future.TokenManagement.TokenRequestGenerationTest" time="0.004" dynamicTest="true" displayname="10 - {2}" parameters="java.lang.String,java.lang.String" uniqueid="[engine:junit-jupiter]/[class:Transport4Future.TokenManagement.TokenRequestGenerationTest]/[test-template:invalidTestCases(java.lang.String, java.lang.String)]/[test-template-invocation:#10]"/>
      <testcase name="invalidTestCases" classname="Transport4Future.TokenManagement.TokenRequestGenerationTest" time="0.003" dynamicTest="true" displayname="11 - {2}" parameters="java.lang.String,java.lang.String" uniqueid="[engine:junit-jupiter]/[class:Transport4Future.TokenManagement.TokenRequestGenerationTest]/[test-template:invalidTestCases(java.lang.String, java.lang.String)]/[test-template-invocation:#11]"/>
      <testcase name="invalidTestCases" classname="Transport4Future.TokenManagement.TokenRequestGenerationTest" time="0.003" dynamicTest="true" displayname="12 - {2}" parameters="java.lang.String,java.lang.String" uniqueid="[engine:junit-jupiter]/[class:Transport4Future.TokenManagement.TokenRequestGenerationTest]/[test-template:invalidTestCases(java.lang.String, java.lang.String)]/[test-template-invocation:#12]"/>
      <testcase name="invalidTestCases" classname="Transport4Future.TokenManagement.TokenRequestGenerationTest" time="0.004" dynamicTest="true" displayname="13 - {2}" parameters="java.lang.String,java.lang.String" uniqueid="[engine:junit-jupiter]/[class:Transport4Future.TokenManagement.TokenRequestGenerationTest]/[test-template:invalidTestCases(java.lang.String, java.lang.String)]/[test-template-invocation:#13]"/>
      <testcase name="invalidTestCases" classname="Transport4Future.TokenManagement.TokenRequestGenerationTest" time="0.003" dynamicTest="true" displayname="14 - {2}" parameters="java.lang.String,java.lang.String" uniqueid="[engine:junit-jupiter]/[class:Transport4Future.TokenManagement.TokenRequestGenerationTest]/[test-template:invalidTestCases(java.lang.String, java.lang.String)]/[test-template-invocation:#14]"/>
      <testcase name="invalidTestCases" classname="Transport4Future.TokenManagement.TokenRequestGenerationTest" time="0.004" dynamicTest="true" displayname="15 - {2}" parameters="java.lang.String,java.lang.String" uniqueid="[engine:junit-jupiter]/[class:Transport4Future.TokenManagement.TokenRequestGenerationTest]/[test-template:invalidTestCases(java.lang.String, java.lang.String)]/[test-template-invocation:#15]"/>
      <testcase name="invalidTestCases" classname="Transport4Future.TokenManagement.TokenRequestGenerationTest" time="0.013" dynamicTest="true" displayname="16 - {2}" parameters="java.lang.String,java.lang.String" uniqueid="[engine:junit-jupiter]/[class:Transport4Future.TokenManagement.TokenRequestGenerationTest]/[test-template:invalidTestCases(java.lang.String, java.lang.String)]/[test-template-invocation:#16]"/>
      <testcase name="invalidTestCases" classname="Transport4Future.TokenManagement.TokenRequestGenerationTest" time="0.006" dynamicTest="true" displayname="17 - {2}" parameters="java.lang.String,java.lang.String" uniqueid="[engine:junit-jupiter]/[class:Transport4Future.TokenManagement.TokenRequestGenerationTest]/[test-template:invalidTestCases(java.lang.String, java.lang.String)]/[test-template-invocation:#17]"/>
      <testcase name="invalidTestCases" classname="Transport4Future.TokenManagement.TokenRequestGenerationTest" time="0.006" dynamicTest="true" displayname="18 - {2}" parameters="java.lang.String,java.lang.String" uniqueid="[engine:junit-jupiter]/[class:Transport4Future.TokenManagement.TokenRequestGenerationTest]/[test-template:invalidTestCases(java.lang.String, java.lang.String)]/[test-template-invocation:#18]"/>
      <testcase name="invalidTestCases" classname="Transport4Future.TokenManagement.TokenRequestGenerationTest" time="0.003" dynamicTest="true" displayname="19 - {2}" parameters="java.lang.String,java.lang.String" uniqueid="[engine:junit-jupiter]/[class:Transport4Future.TokenManagement.TokenRequestGenerationTest]/[test-template:invalidTestCases(java.lang.String, java.lang.String)]/[test-template-invocation:#19]"/>
      <testcase name="invalidTestCases" classname="Transport4Future.TokenManagement.TokenRequestGenerationTest" time="0.005" dynamicTest="true" displayname="20 - {2}" parameters="java.lang.String,java.lang.String" uniqueid="[engine:junit-jupiter]/[class:Transport4Future.TokenManagement.TokenRequestGenerationTest]/[test-template:invalidTestCases(java.lang.String, java.lang.String)]/[test-template-invocation:#20]"/>
      <testcase name="invalidTestCases" classname="Transport4Future.TokenManagement.TokenRequestGenerationTest" time="0.003" dynamicTest="true" displayname="21 - {2}" parameters="java.lang.String,java.lang.String" uniqueid="[engine:junit-jupiter]/[class:Transport4Future.TokenManagement.TokenRequestGenerationTest]/[test-template:invalidTestCases(java.lang.String, java.lang.String)]/[test-template-invocation:#21]"/>
      <testcase name="invalidTestCases" classname="Transport4Future.TokenManagement.TokenRequestGenerationTest" time="0.003" dynamicTest="true" displayname="22 - {2}" parameters="java.lang.String,java.lang.String" uniqueid="[engine:junit-jupiter]/[class:Transport4Future.TokenManagement.TokenRequestGenerationTest]/[test-template:invalidTestCases(java.lang.String, java.lang.String)]/[test-template-invocation:#22]"/>
      <testcase name="invalidTestCases" classname="Transport4Future.TokenManagement.TokenRequestGenerationTest" time="0.004" dynamicTest="true" displayname="23 - {2}" parameters="java.lang.String,java.lang.String" uniqueid="[engine:junit-jupiter]/[class:Transport4Future.TokenManagement.TokenRequestGenerationTest]/[test-template:invalidTestCases(java.lang.String, java.lang.String)]/[test-template-invocation:#23]"/>
      <testcase name="invalidTestCases" classname="Transport4Future.TokenManagement.TokenRequestGenerationTest" time="0.005" dynamicTest="true" displayname="24 - {2}" parameters="java.lang.String,java.lang.String" uniqueid="[engine:junit-jupiter]/[class:Transport4Future.TokenManagement.TokenRequestGenerationTest]/[test-template:invalidTestCases(java.lang.String, java.lang.String)]/[test-template-invocation:#24]"/>
      <testcase name="invalidTestCases" classname="Transport4Future.TokenManagement.TokenRequestGenerationTest" time="0.005" dynamicTest="true" displayname="25 - {2}" parameters="java.lang.String,java.lang.String" uniqueid="[engine:junit-jupiter]/[class:Transport4Future.TokenManagement.TokenRequestGenerationTest]/[test-template:invalidTestCases(java.lang.String, java.lang.String)]/[test-template-invocation:#25]"/>
      <testcase name="invalidTestCases" classname="Transport4Future.TokenManagement.TokenRequestGenerationTest" time="0.003" dynamicTest="true" displayname="26 - {2}" parameters="java.lang.String,java.lang.String" uniqueid="[engine:junit-jupiter]/[class:Transport4Future.TokenManagement.TokenRequestGenerationTest]/[test-template:invalidTestCases(java.lang.String, java.lang.String)]/[test-template-invocation:#26]"/>
      <testcase name="invalidTestCases" classname="Transport4Future.TokenManagement.TokenRequestGenerationTest" time="0.013" dynamicTest="true" displayname="27 - {2}" parameters="java.lang.String,java.lang.String" uniqueid="[engine:junit-jupiter]/[class:Transport4Future.TokenManagement.TokenRequestGenerationTest]/[test-template:invalidTestCases(java.lang.String, java.lang.String)]/[test-template-invocation:#27]"/>
      <testcase name="invalidTestCases" classname="Transport4Future.TokenManagement.TokenRequestGenerationTest" time="0.013" dynamicTest="true" displayname="28 - {2}" parameters="java.lang.String,java.lang.String" uniqueid="[engine:junit-jupiter]/[class:Transport4Future.TokenManagement.TokenRequestGenerationTest]/[test-template:invalidTestCases(java.lang.String, java.lang.String)]/[test-template-invocation:#28]"/>
    </testsuite>
    <testsuite name="validTestCases(Transport4Future.TokenManagement.TokenRequestGenerationTest)" time="0.087" displayname="Valid Test Cases" parameters="java.lang.String,java.lang.String" uniqueid="[engine:junit-jupiter]/[class:Transport4Future.TokenManagement.TokenRequestGenerationTest]/[test-template:validTestCases(java.lang.String, java.lang.String)]">
      <testcase name="validTestCases" classname="Transport4Future.TokenManagement.TokenRequestGenerationTest" time="0.087" dynamicTest="true" displayname="1 - {2}" parameters="java.lang.String,java.lang.String" uniqueid="[engine:junit-jupiter]/[class:Transport4Future.TokenManagement.TokenRequestGenerationTest]/[test-template:validTestCases(java.lang.String, java.lang.String)]/[test-template-invocation:#1]"/>
      <testcase name="validTestCases" classname="Transport4Future.TokenManagement.TokenRequestGenerationTest" time="0.022" dynamicTest="true" displayname="2 - {2}" parameters="java.lang.String,java.lang.String" uniqueid="[engine:junit-jupiter]/[class:Transport4Future.TokenManagement.TokenRequestGenerationTest]/[test-template:validTestCases(java.lang.String, java.lang.String)]/[test-template-invocation:#2]"/>
    </testsuite>
  </testsuite>
  <testsuite name="Transport4Future.TokenManagement.VerifyTokenTest" time="0.115" displayname="VerifyTokenTest" uniqueid="[engine:junit-jupiter]/[class:Transport4Future.TokenManagement.VerifyTokenTest]">
    <testcase name="verifyValidToken" classname="Transport4Future.TokenManagement.VerifyTokenTest" time="0.07" displayname="RF03 - TC05 - Buscar un token válido" uniqueid="[engine:junit-jupiter]/[class:Transport4Future.TokenManagement.VerifyTokenTest]/[method:verifyValidToken()]"/>
    <testcase name="verifyTokenNonExistingToken" classname="Transport4Future.TokenManagement.VerifyTokenTest" time="0.009" displayname="RF03 - TC02 - Buscar un token que no existe en un almacén de registros que contiene un elemento" uniqueid="[engine:junit-jupiter]/[class:Transport4Future.TokenManagement.VerifyTokenTest]/[method:verifyTokenNonExistingToken()]"/>
    <testcase name="verifyTokenNonExitingTokenStore" classname="Transport4Future.TokenManagement.VerifyTokenTest" time="0.001" displayname="RF03 - TC04 - Buscar un token cuando el almacén no existe" uniqueid="[engine:junit-jupiter]/[class:Transport4Future.TokenManagement.VerifyTokenTest]/[method:verifyTokenNonExitingTokenStore()]"/>
    <testcase name="verifyTokenEmptyTokenStore" classname="Transport4Future.TokenManagement.VerifyTokenTest" time="0.003" displayname="RF03 - TC01 - Buscar un token en un almacén de tokens vacío" uniqueid="[engine:junit-jupiter]/[class:Transport4Future.TokenManagement.VerifyTokenTest]/[method:verifyTokenEmptyTokenStore()]"/>
    <testcase name="verifyTokenCorrectTest" classname="Transport4Future.TokenManagement.VerifyTokenTest" time="0.032" displayname="RF03 - TC03 - Buscar un token que existe en almacén con registros" uniqueid="[engine:junit-jupiter]/[class:Transport4Future.TokenManagement.VerifyTokenTest]/[method:verifyTokenCorrectTest()]"/>
  </testsuite>
  <testsuite name="Transport4Future.TokenManagement.ExecuteActionTest" time="1.016" displayname="ExecuteActionTest" uniqueid="[engine:junit-jupiter]/[class:Transport4Future.TokenManagement.ExecuteActionTest]">
    <testcase name="ec_IV01" classname="Transport4Future.TokenManagement.ExecuteActionTest" time="0.023" displayname="ec_IV01()" uniqueid="[engine:junit-jupiter]/[class:Transport4Future.TokenManagement.ExecuteActionTest]/[method:ec_IV01()]"/>
    <testcase name="ec_IV02" classname="Transport4Future.TokenManagement.ExecuteActionTest" time="0.024" displayname="ec_IV02()" uniqueid="[engine:junit-jupiter]/[class:Transport4Future.TokenManagement.ExecuteActionTest]/[method:ec_IV02()]"/>
    <testcase name="ec_IV03" classname="Transport4Future.TokenManagement.ExecuteActionTest" time="0.022" displayname="ec_IV03()" uniqueid="[engine:junit-jupiter]/[class:Transport4Future.TokenManagement.ExecuteActionTest]/[method:ec_IV03()]"/>
    <testcase name="ec_IV04" classname="Transport4Future.TokenManagement.ExecuteActionTest" time="0.012" displayname="ec_IV04()" uniqueid="[engine:junit-jupiter]/[class:Transport4Future.TokenManagement.ExecuteActionTest]/[method:ec_IV04()]">
      <failure>
        <expected>Error: invalid type of operation.</expected>
        <actual>The token received does not exist or is not valid.</actual>
        org.opentest4j.AssertionFailedError: expected: &lt;Error: invalid type of operation.&gt; but was: &lt;The token received does not exist or is not valid.&gt;&#13;
	at org.junit.jupiter.api.AssertionUtils.fail(AssertionUtils.java:55)&#13;
	at org.junit.jupiter.api.AssertionUtils.failNotEqual(AssertionUtils.java:62)&#13;
	at org.junit.jupiter.api.AssertEquals.assertEquals(AssertEquals.java:182)&#13;
	at org.junit.jupiter.api.AssertEquals.assertEquals(AssertEquals.java:177)&#13;
	at org.junit.jupiter.api.Assertions.assertEquals(Assertions.java:1124)&#13;
	at Transport4Future.TokenManagement.ExecuteActionTest.ec_IV04(ExecuteActionTest.java:185)&#13;
	at java.base/jdk.internal.reflect.NativeMethodAccessorImpl.invoke0(Native Method)&#13;
	at java.base/jdk.internal.reflect.NativeMethodAccessorImpl.invoke(Unknown Source)&#13;
	at java.base/jdk.internal.reflect.DelegatingMethodAccessorImpl.invoke(Unknown Source)&#13;
	at java.base/java.lang.reflect.Method.invoke(Unknown Source)&#13;
	at org.junit.platform.commons.util.ReflectionUtils.invokeMethod(ReflectionUtils.java:686)&#13;
	at org.junit.jupiter.engine.execution.MethodInvocation.proceed(MethodInvocation.java:60)&#13;
	at org.junit.jupiter.engine.execution.InvocationInterceptorChain$ValidatingInvocation.proceed(InvocationInterceptorChain.java:131)&#13;
	at org.junit.jupiter.engine.extension.TimeoutExtension.intercept(TimeoutExtension.java:149)&#13;
	at org.junit.jupiter.engine.extension.TimeoutExtension.interceptTestableMethod(TimeoutExtension.java:140)&#13;
	at org.junit.jupiter.engine.extension.TimeoutExtension.interceptTestMethod(TimeoutExtension.java:84)&#13;
	at org.junit.jupiter.engine.execution.ExecutableInvoker$ReflectiveInterceptorCall.lambda$ofVoidMethod$0(ExecutableInvoker.java:115)&#13;
	at org.junit.jupiter.engine.execution.ExecutableInvoker.lambda$invoke$0(ExecutableInvoker.java:105)&#13;
	at org.junit.jupiter.engine.execution.InvocationInterceptorChain$InterceptedInvocation.proceed(InvocationInterceptorChain.java:106)&#13;
	at org.junit.jupiter.engine.execution.InvocationInterceptorChain.proceed(InvocationInterceptorChain.java:64)&#13;
	at org.junit.jupiter.engine.execution.InvocationInterceptorChain.chainAndInvoke(InvocationInterceptorChain.java:45)&#13;
	at org.junit.jupiter.engine.execution.InvocationInterceptorChain.invoke(InvocationInterceptorChain.java:37)&#13;
	at org.junit.jupiter.engine.execution.ExecutableInvoker.invoke(ExecutableInvoker.java:104)&#13;
	at org.junit.jupiter.engine.execution.ExecutableInvoker.invoke(ExecutableInvoker.java:98)&#13;
	at org.junit.jupiter.engine.descriptor.TestMethodTestDescriptor.lambda$invokeTestMethod$6(TestMethodTestDescriptor.java:205)&#13;
	at org.junit.platform.engine.support.hierarchical.ThrowableCollector.execute(ThrowableCollector.java:73)&#13;
	at org.junit.jupiter.engine.descriptor.TestMethodTestDescriptor.invokeTestMethod(TestMethodTestDescriptor.java:201)&#13;
	at org.junit.jupiter.engine.descriptor.TestMethodTestDescriptor.execute(TestMethodTestDescriptor.java:137)&#13;
	at org.junit.jupiter.engine.descriptor.TestMethodTestDescriptor.execute(TestMethodTestDescriptor.java:71)&#13;
	at org.junit.platform.engine.support.hierarchical.NodeTestTask.lambda$executeRecursively$5(NodeTestTask.java:135)&#13;
	at org.junit.platform.engine.support.hierarchical.ThrowableCollector.execute(ThrowableCollector.java:73)&#13;
	at org.junit.platform.engine.support.hierarchical.NodeTestTask.lambda$executeRecursively$7(NodeTestTask.java:125)&#13;
	at org.junit.platform.engine.support.hierarchical.Node.around(Node.java:135)&#13;
	at org.junit.platform.engine.support.hierarchical.NodeTestTask.lambda$executeRecursively$8(NodeTestTask.java:123)&#13;
	at org.junit.platform.engine.support.hierarchical.ThrowableCollector.execute(ThrowableCollector.java:73)&#13;
	at org.junit.platform.engine.support.hierarchical.NodeTestTask.executeRecursively(NodeTestTask.java:122)&#13;
	at org.junit.platform.engine.support.hierarchical.NodeTestTask.execute(NodeTestTask.java:80)&#13;
	at java.base/java.util.ArrayList.forEach(Unknown Source)&#13;
	at org.junit.platform.engine.support.hierarchical.SameThreadHierarchicalTestExecutorService.invokeAll(SameThreadHierarchicalTestExecutorService.java:38)&#13;
	at org.junit.platform.engine.support.hierarchical.NodeTestTask.lambda$executeRecursively$5(NodeTestTask.java:139)&#13;
	at org.junit.platform.engine.support.hierarchical.ThrowableCollector.execute(ThrowableCollector.java:73)&#13;
	at org.junit.platform.engine.support.hierarchical.NodeTestTask.lambda$executeRecursively$7(NodeTestTask.java:125)&#13;
	at org.junit.platform.engine.support.hierarchical.Node.around(Node.java:135)&#13;
	at org.junit.platform.engine.support.hierarchical.NodeTestTask.lambda$executeRecursively$8(NodeTestTask.java:123)&#13;
	at org.junit.platform.engine.support.hierarchical.ThrowableCollector.execute(ThrowableCollector.java:73)&#13;
	at org.junit.platform.engine.support.hierarchical.NodeTestTask.executeRecursively(NodeTestTask.java:122)&#13;
	at org.junit.platform.engine.support.hierarchical.NodeTestTask.execute(NodeTestTask.java:80)&#13;
	at java.base/java.util.ArrayList.forEach(Unknown Source)&#13;
	at org.junit.platform.engine.support.hierarchical.SameThreadHierarchicalTestExecutorService.invokeAll(SameThreadHierarchicalTestExecutorService.java:38)&#13;
	at org.junit.platform.engine.support.hierarchical.NodeTestTask.lambda$executeRecursively$5(NodeTestTask.java:139)&#13;
	at org.junit.platform.engine.support.hierarchical.ThrowableCollector.execute(ThrowableCollector.java:73)&#13;
	at org.junit.platform.engine.support.hierarchical.NodeTestTask.lambda$executeRecursively$7(NodeTestTask.java:125)&#13;
	at org.junit.platform.engine.support.hierarchical.Node.around(Node.java:135)&#13;
	at org.junit.platform.engine.support.hierarchical.NodeTestTask.lambda$executeRecursively$8(NodeTestTask.java:123)&#13;
	at org.junit.platform.engine.support.hierarchical.ThrowableCollector.execute(ThrowableCollector.java:73)&#13;
	at org.junit.platform.engine.support.hierarchical.NodeTestTask.executeRecursively(NodeTestTask.java:122)&#13;
	at org.junit.platform.engine.support.hierarchical.NodeTestTask.execute(NodeTestTask.java:80)&#13;
	at org.junit.platform.engine.support.hierarchical.SameThreadHierarchicalTestExecutorService.submit(SameThreadHierarchicalTestExecutorService.java:32)&#13;
	at org.junit.platform.engine.support.hierarchical.HierarchicalTestExecutor.execute(HierarchicalTestExecutor.java:57)&#13;
	at org.junit.platform.engine.support.hierarchical.HierarchicalTestEngine.execute(HierarchicalTestEngine.java:51)&#13;
	at org.junit.platform.launcher.core.DefaultLauncher.execute(DefaultLauncher.java:229)&#13;
	at org.junit.platform.launcher.core.DefaultLauncher.lambda$execute$6(DefaultLauncher.java:197)&#13;
	at org.junit.platform.launcher.core.DefaultLauncher.withInterceptedStreams(DefaultLauncher.java:211)&#13;
	at org.junit.platform.launcher.core.DefaultLauncher.execute(DefaultLauncher.java:191)&#13;
	at org.junit.platform.launcher.core.DefaultLauncher.execute(DefaultLauncher.java:137)&#13;
	at org.eclipse.jdt.internal.junit5.runner.JUnit5TestReference.run(JUnit5TestReference.java:89)&#13;
	at org.eclipse.jdt.internal.junit.runner.TestExecution.run(TestExecution.java:41)&#13;
	at org.eclipse.jdt.internal.junit.runner.RemoteTestRunner.runTests(RemoteTestRunner.java:541)&#13;
	at org.eclipse.jdt.internal.junit.runner.RemoteTestRunner.runTests(RemoteTestRunner.java:763)&#13;
	at org.eclipse.jdt.internal.junit.runner.RemoteTestRunner.run(RemoteTestRunner.java:463)&#13;
	at org.eclipse.jdt.internal.junit.runner.RemoteTestRunner.main(RemoteTestRunner.java:209)&#13;
&#13;

      </failure>
    </testcase>
    <testcase name="ec_IV05" classname="Transport4Future.TokenManagement.ExecuteActionTest" time="0.026" displayname="ec_IV05()" uniqueid="[engine:junit-jupiter]/[class:Transport4Future.TokenManagement.ExecuteActionTest]/[method:ec_IV05()]"/>
    <testcase name="ec_IV06" classname="Transport4Future.TokenManagement.ExecuteActionTest" time="0.006" displayname="ec_IV06()" uniqueid="[engine:junit-jupiter]/[class:Transport4Future.TokenManagement.ExecuteActionTest]/[method:ec_IV06()]">
      <failure>
        <expected>Error: invalid type of operation.</expected>
        <actual>The token received does not exist or is not valid.</actual>
        org.opentest4j.AssertionFailedError: expected: &lt;Error: invalid type of operation.&gt; but was: &lt;The token received does not exist or is not valid.&gt;&#13;
	at org.junit.jupiter.api.AssertionUtils.fail(AssertionUtils.java:55)&#13;
	at org.junit.jupiter.api.AssertionUtils.failNotEqual(AssertionUtils.java:62)&#13;
	at org.junit.jupiter.api.AssertEquals.assertEquals(AssertEquals.java:182)&#13;
	at org.junit.jupiter.api.AssertEquals.assertEquals(AssertEquals.java:177)&#13;
	at org.junit.jupiter.api.Assertions.assertEquals(Assertions.java:1124)&#13;
	at Transport4Future.TokenManagement.ExecuteActionTest.ec_IV06(ExecuteActionTest.java:220)&#13;
	at java.base/jdk.internal.reflect.NativeMethodAccessorImpl.invoke0(Native Method)&#13;
	at java.base/jdk.internal.reflect.NativeMethodAccessorImpl.invoke(Unknown Source)&#13;
	at java.base/jdk.internal.reflect.DelegatingMethodAccessorImpl.invoke(Unknown Source)&#13;
	at java.base/java.lang.reflect.Method.invoke(Unknown Source)&#13;
	at org.junit.platform.commons.util.ReflectionUtils.invokeMethod(ReflectionUtils.java:686)&#13;
	at org.junit.jupiter.engine.execution.MethodInvocation.proceed(MethodInvocation.java:60)&#13;
	at org.junit.jupiter.engine.execution.InvocationInterceptorChain$ValidatingInvocation.proceed(InvocationInterceptorChain.java:131)&#13;
	at org.junit.jupiter.engine.extension.TimeoutExtension.intercept(TimeoutExtension.java:149)&#13;
	at org.junit.jupiter.engine.extension.TimeoutExtension.interceptTestableMethod(TimeoutExtension.java:140)&#13;
	at org.junit.jupiter.engine.extension.TimeoutExtension.interceptTestMethod(TimeoutExtension.java:84)&#13;
	at org.junit.jupiter.engine.execution.ExecutableInvoker$ReflectiveInterceptorCall.lambda$ofVoidMethod$0(ExecutableInvoker.java:115)&#13;
	at org.junit.jupiter.engine.execution.ExecutableInvoker.lambda$invoke$0(ExecutableInvoker.java:105)&#13;
	at org.junit.jupiter.engine.execution.InvocationInterceptorChain$InterceptedInvocation.proceed(InvocationInterceptorChain.java:106)&#13;
	at org.junit.jupiter.engine.execution.InvocationInterceptorChain.proceed(InvocationInterceptorChain.java:64)&#13;
	at org.junit.jupiter.engine.execution.InvocationInterceptorChain.chainAndInvoke(InvocationInterceptorChain.java:45)&#13;
	at org.junit.jupiter.engine.execution.InvocationInterceptorChain.invoke(InvocationInterceptorChain.java:37)&#13;
	at org.junit.jupiter.engine.execution.ExecutableInvoker.invoke(ExecutableInvoker.java:104)&#13;
	at org.junit.jupiter.engine.execution.ExecutableInvoker.invoke(ExecutableInvoker.java:98)&#13;
	at org.junit.jupiter.engine.descriptor.TestMethodTestDescriptor.lambda$invokeTestMethod$6(TestMethodTestDescriptor.java:205)&#13;
	at org.junit.platform.engine.support.hierarchical.ThrowableCollector.execute(ThrowableCollector.java:73)&#13;
	at org.junit.jupiter.engine.descriptor.TestMethodTestDescriptor.invokeTestMethod(TestMethodTestDescriptor.java:201)&#13;
	at org.junit.jupiter.engine.descriptor.TestMethodTestDescriptor.execute(TestMethodTestDescriptor.java:137)&#13;
	at org.junit.jupiter.engine.descriptor.TestMethodTestDescriptor.execute(TestMethodTestDescriptor.java:71)&#13;
	at org.junit.platform.engine.support.hierarchical.NodeTestTask.lambda$executeRecursively$5(NodeTestTask.java:135)&#13;
	at org.junit.platform.engine.support.hierarchical.ThrowableCollector.execute(ThrowableCollector.java:73)&#13;
	at org.junit.platform.engine.support.hierarchical.NodeTestTask.lambda$executeRecursively$7(NodeTestTask.java:125)&#13;
	at org.junit.platform.engine.support.hierarchical.Node.around(Node.java:135)&#13;
	at org.junit.platform.engine.support.hierarchical.NodeTestTask.lambda$executeRecursively$8(NodeTestTask.java:123)&#13;
	at org.junit.platform.engine.support.hierarchical.ThrowableCollector.execute(ThrowableCollector.java:73)&#13;
	at org.junit.platform.engine.support.hierarchical.NodeTestTask.executeRecursively(NodeTestTask.java:122)&#13;
	at org.junit.platform.engine.support.hierarchical.NodeTestTask.execute(NodeTestTask.java:80)&#13;
	at java.base/java.util.ArrayList.forEach(Unknown Source)&#13;
	at org.junit.platform.engine.support.hierarchical.SameThreadHierarchicalTestExecutorService.invokeAll(SameThreadHierarchicalTestExecutorService.java:38)&#13;
	at org.junit.platform.engine.support.hierarchical.NodeTestTask.lambda$executeRecursively$5(NodeTestTask.java:139)&#13;
	at org.junit.platform.engine.support.hierarchical.ThrowableCollector.execute(ThrowableCollector.java:73)&#13;
	at org.junit.platform.engine.support.hierarchical.NodeTestTask.lambda$executeRecursively$7(NodeTestTask.java:125)&#13;
	at org.junit.platform.engine.support.hierarchical.Node.around(Node.java:135)&#13;
	at org.junit.platform.engine.support.hierarchical.NodeTestTask.lambda$executeRecursively$8(NodeTestTask.java:123)&#13;
	at org.junit.platform.engine.support.hierarchical.ThrowableCollector.execute(ThrowableCollector.java:73)&#13;
	at org.junit.platform.engine.support.hierarchical.NodeTestTask.executeRecursively(NodeTestTask.java:122)&#13;
	at org.junit.platform.engine.support.hierarchical.NodeTestTask.execute(NodeTestTask.java:80)&#13;
	at java.base/java.util.ArrayList.forEach(Unknown Source)&#13;
	at org.junit.platform.engine.support.hierarchical.SameThreadHierarchicalTestExecutorService.invokeAll(SameThreadHierarchicalTestExecutorService.java:38)&#13;
	at org.junit.platform.engine.support.hierarchical.NodeTestTask.lambda$executeRecursively$5(NodeTestTask.java:139)&#13;
	at org.junit.platform.engine.support.hierarchical.ThrowableCollector.execute(ThrowableCollector.java:73)&#13;
	at org.junit.platform.engine.support.hierarchical.NodeTestTask.lambda$executeRecursively$7(NodeTestTask.java:125)&#13;
	at org.junit.platform.engine.support.hierarchical.Node.around(Node.java:135)&#13;
	at org.junit.platform.engine.support.hierarchical.NodeTestTask.lambda$executeRecursively$8(NodeTestTask.java:123)&#13;
	at org.junit.platform.engine.support.hierarchical.ThrowableCollector.execute(ThrowableCollector.java:73)&#13;
	at org.junit.platform.engine.support.hierarchical.NodeTestTask.executeRecursively(NodeTestTask.java:122)&#13;
	at org.junit.platform.engine.support.hierarchical.NodeTestTask.execute(NodeTestTask.java:80)&#13;
	at org.junit.platform.engine.support.hierarchical.SameThreadHierarchicalTestExecutorService.submit(SameThreadHierarchicalTestExecutorService.java:32)&#13;
	at org.junit.platform.engine.support.hierarchical.HierarchicalTestExecutor.execute(HierarchicalTestExecutor.java:57)&#13;
	at org.junit.platform.engine.support.hierarchical.HierarchicalTestEngine.execute(HierarchicalTestEngine.java:51)&#13;
	at org.junit.platform.launcher.core.DefaultLauncher.execute(DefaultLauncher.java:229)&#13;
	at org.junit.platform.launcher.core.DefaultLauncher.lambda$execute$6(DefaultLauncher.java:197)&#13;
	at org.junit.platform.launcher.core.DefaultLauncher.withInterceptedStreams(DefaultLauncher.java:211)&#13;
	at org.junit.platform.launcher.core.DefaultLauncher.execute(DefaultLauncher.java:191)&#13;
	at org.junit.platform.launcher.core.DefaultLauncher.execute(DefaultLauncher.java:137)&#13;
	at org.eclipse.jdt.internal.junit5.runner.JUnit5TestReference.run(JUnit5TestReference.java:89)&#13;
	at org.eclipse.jdt.internal.junit.runner.TestExecution.run(TestExecution.java:41)&#13;
	at org.eclipse.jdt.internal.junit.runner.RemoteTestRunner.runTests(RemoteTestRunner.java:541)&#13;
	at org.eclipse.jdt.internal.junit.runner.RemoteTestRunner.runTests(RemoteTestRunner.java:763)&#13;
	at org.eclipse.jdt.internal.junit.runner.RemoteTestRunner.run(RemoteTestRunner.java:463)&#13;
	at org.eclipse.jdt.internal.junit.runner.RemoteTestRunner.main(RemoteTestRunner.java:209)&#13;
&#13;

      </failure>
    </testcase>
    <testcase name="ec_IV07" classname="Transport4Future.TokenManagement.ExecuteActionTest" time="0.013" displayname="ec_IV07()" uniqueid="[engine:junit-jupiter]/[class:Transport4Future.TokenManagement.ExecuteActionTest]/[method:ec_IV07()]"/>
    <testcase name="ec_IV08" classname="Transport4Future.TokenManagement.ExecuteActionTest" time="0.009" displayname="ec_IV08()" uniqueid="[engine:junit-jupiter]/[class:Transport4Future.TokenManagement.ExecuteActionTest]/[method:ec_IV08()]">
      <failure>
        <expected>The device represented by the token cannot execute the requested operation.</expected>
        <actual>The token received does not exist or is not valid.</actual>
        org.opentest4j.AssertionFailedError: expected: &lt;The device represented by the token cannot execute the requested operation.&gt; but was: &lt;The token received does not exist or is not valid.&gt;&#13;
	at org.junit.jupiter.api.AssertionUtils.fail(AssertionUtils.java:55)&#13;
	at org.junit.jupiter.api.AssertionUtils.failNotEqual(AssertionUtils.java:62)&#13;
	at org.junit.jupiter.api.AssertEquals.assertEquals(AssertEquals.java:182)&#13;
	at org.junit.jupiter.api.AssertEquals.assertEquals(AssertEquals.java:177)&#13;
	at org.junit.jupiter.api.Assertions.assertEquals(Assertions.java:1124)&#13;
	at Transport4Future.TokenManagement.ExecuteActionTest.ec_IV08(ExecuteActionTest.java:254)&#13;
	at java.base/jdk.internal.reflect.NativeMethodAccessorImpl.invoke0(Native Method)&#13;
	at java.base/jdk.internal.reflect.NativeMethodAccessorImpl.invoke(Unknown Source)&#13;
	at java.base/jdk.internal.reflect.DelegatingMethodAccessorImpl.invoke(Unknown Source)&#13;
	at java.base/java.lang.reflect.Method.invoke(Unknown Source)&#13;
	at org.junit.platform.commons.util.ReflectionUtils.invokeMethod(ReflectionUtils.java:686)&#13;
	at org.junit.jupiter.engine.execution.MethodInvocation.proceed(MethodInvocation.java:60)&#13;
	at org.junit.jupiter.engine.execution.InvocationInterceptorChain$ValidatingInvocation.proceed(InvocationInterceptorChain.java:131)&#13;
	at org.junit.jupiter.engine.extension.TimeoutExtension.intercept(TimeoutExtension.java:149)&#13;
	at org.junit.jupiter.engine.extension.TimeoutExtension.interceptTestableMethod(TimeoutExtension.java:140)&#13;
	at org.junit.jupiter.engine.extension.TimeoutExtension.interceptTestMethod(TimeoutExtension.java:84)&#13;
	at org.junit.jupiter.engine.execution.ExecutableInvoker$ReflectiveInterceptorCall.lambda$ofVoidMethod$0(ExecutableInvoker.java:115)&#13;
	at org.junit.jupiter.engine.execution.ExecutableInvoker.lambda$invoke$0(ExecutableInvoker.java:105)&#13;
	at org.junit.jupiter.engine.execution.InvocationInterceptorChain$InterceptedInvocation.proceed(InvocationInterceptorChain.java:106)&#13;
	at org.junit.jupiter.engine.execution.InvocationInterceptorChain.proceed(InvocationInterceptorChain.java:64)&#13;
	at org.junit.jupiter.engine.execution.InvocationInterceptorChain.chainAndInvoke(InvocationInterceptorChain.java:45)&#13;
	at org.junit.jupiter.engine.execution.InvocationInterceptorChain.invoke(InvocationInterceptorChain.java:37)&#13;
	at org.junit.jupiter.engine.execution.ExecutableInvoker.invoke(ExecutableInvoker.java:104)&#13;
	at org.junit.jupiter.engine.execution.ExecutableInvoker.invoke(ExecutableInvoker.java:98)&#13;
	at org.junit.jupiter.engine.descriptor.TestMethodTestDescriptor.lambda$invokeTestMethod$6(TestMethodTestDescriptor.java:205)&#13;
	at org.junit.platform.engine.support.hierarchical.ThrowableCollector.execute(ThrowableCollector.java:73)&#13;
	at org.junit.jupiter.engine.descriptor.TestMethodTestDescriptor.invokeTestMethod(TestMethodTestDescriptor.java:201)&#13;
	at org.junit.jupiter.engine.descriptor.TestMethodTestDescriptor.execute(TestMethodTestDescriptor.java:137)&#13;
	at org.junit.jupiter.engine.descriptor.TestMethodTestDescriptor.execute(TestMethodTestDescriptor.java:71)&#13;
	at org.junit.platform.engine.support.hierarchical.NodeTestTask.lambda$executeRecursively$5(NodeTestTask.java:135)&#13;
	at org.junit.platform.engine.support.hierarchical.ThrowableCollector.execute(ThrowableCollector.java:73)&#13;
	at org.junit.platform.engine.support.hierarchical.NodeTestTask.lambda$executeRecursively$7(NodeTestTask.java:125)&#13;
	at org.junit.platform.engine.support.hierarchical.Node.around(Node.java:135)&#13;
	at org.junit.platform.engine.support.hierarchical.NodeTestTask.lambda$executeRecursively$8(NodeTestTask.java:123)&#13;
	at org.junit.platform.engine.support.hierarchical.ThrowableCollector.execute(ThrowableCollector.java:73)&#13;
	at org.junit.platform.engine.support.hierarchical.NodeTestTask.executeRecursively(NodeTestTask.java:122)&#13;
	at org.junit.platform.engine.support.hierarchical.NodeTestTask.execute(NodeTestTask.java:80)&#13;
	at java.base/java.util.ArrayList.forEach(Unknown Source)&#13;
	at org.junit.platform.engine.support.hierarchical.SameThreadHierarchicalTestExecutorService.invokeAll(SameThreadHierarchicalTestExecutorService.java:38)&#13;
	at org.junit.platform.engine.support.hierarchical.NodeTestTask.lambda$executeRecursively$5(NodeTestTask.java:139)&#13;
	at org.junit.platform.engine.support.hierarchical.ThrowableCollector.execute(ThrowableCollector.java:73)&#13;
	at org.junit.platform.engine.support.hierarchical.NodeTestTask.lambda$executeRecursively$7(NodeTestTask.java:125)&#13;
	at org.junit.platform.engine.support.hierarchical.Node.around(Node.java:135)&#13;
	at org.junit.platform.engine.support.hierarchical.NodeTestTask.lambda$executeRecursively$8(NodeTestTask.java:123)&#13;
	at org.junit.platform.engine.support.hierarchical.ThrowableCollector.execute(ThrowableCollector.java:73)&#13;
	at org.junit.platform.engine.support.hierarchical.NodeTestTask.executeRecursively(NodeTestTask.java:122)&#13;
	at org.junit.platform.engine.support.hierarchical.NodeTestTask.execute(NodeTestTask.java:80)&#13;
	at java.base/java.util.ArrayList.forEach(Unknown Source)&#13;
	at org.junit.platform.engine.support.hierarchical.SameThreadHierarchicalTestExecutorService.invokeAll(SameThreadHierarchicalTestExecutorService.java:38)&#13;
	at org.junit.platform.engine.support.hierarchical.NodeTestTask.lambda$executeRecursively$5(NodeTestTask.java:139)&#13;
	at org.junit.platform.engine.support.hierarchical.ThrowableCollector.execute(ThrowableCollector.java:73)&#13;
	at org.junit.platform.engine.support.hierarchical.NodeTestTask.lambda$executeRecursively$7(NodeTestTask.java:125)&#13;
	at org.junit.platform.engine.support.hierarchical.Node.around(Node.java:135)&#13;
	at org.junit.platform.engine.support.hierarchical.NodeTestTask.lambda$executeRecursively$8(NodeTestTask.java:123)&#13;
	at org.junit.platform.engine.support.hierarchical.ThrowableCollector.execute(ThrowableCollector.java:73)&#13;
	at org.junit.platform.engine.support.hierarchical.NodeTestTask.executeRecursively(NodeTestTask.java:122)&#13;
	at org.junit.platform.engine.support.hierarchical.NodeTestTask.execute(NodeTestTask.java:80)&#13;
	at org.junit.platform.engine.support.hierarchical.SameThreadHierarchicalTestExecutorService.submit(SameThreadHierarchicalTestExecutorService.java:32)&#13;
	at org.junit.platform.engine.support.hierarchical.HierarchicalTestExecutor.execute(HierarchicalTestExecutor.java:57)&#13;
	at org.junit.platform.engine.support.hierarchical.HierarchicalTestEngine.execute(HierarchicalTestEngine.java:51)&#13;
	at org.junit.platform.launcher.core.DefaultLauncher.execute(DefaultLauncher.java:229)&#13;
	at org.junit.platform.launcher.core.DefaultLauncher.lambda$execute$6(DefaultLauncher.java:197)&#13;
	at org.junit.platform.launcher.core.DefaultLauncher.withInterceptedStreams(DefaultLauncher.java:211)&#13;
	at org.junit.platform.launcher.core.DefaultLauncher.execute(DefaultLauncher.java:191)&#13;
	at org.junit.platform.launcher.core.DefaultLauncher.execute(DefaultLauncher.java:137)&#13;
	at org.eclipse.jdt.internal.junit5.runner.JUnit5TestReference.run(JUnit5TestReference.java:89)&#13;
	at org.eclipse.jdt.internal.junit.runner.TestExecution.run(TestExecution.java:41)&#13;
	at org.eclipse.jdt.internal.junit.runner.RemoteTestRunner.runTests(RemoteTestRunner.java:541)&#13;
	at org.eclipse.jdt.internal.junit.runner.RemoteTestRunner.runTests(RemoteTestRunner.java:763)&#13;
	at org.eclipse.jdt.internal.junit.runner.RemoteTestRunner.run(RemoteTestRunner.java:463)&#13;
	at org.eclipse.jdt.internal.junit.runner.RemoteTestRunner.main(RemoteTestRunner.java:209)&#13;
&#13;

      </failure>
    </testcase>
    <testcase name="ec_V01" classname="Transport4Future.TokenManagement.ExecuteActionTest" time="0.005" displayname="ec_V01()" uniqueid="[engine:junit-jupiter]/[class:Transport4Future.TokenManagement.ExecuteActionTest]/[method:ec_V01()]">
      <failure>
        <expected>The device represented by the token cannot execute the requested operation.</expected>
        <actual>The token received does not exist or is not valid.</actual>
        org.opentest4j.AssertionFailedError: expected: &lt;The device represented by the token cannot execute the requested operation.&gt; but was: &lt;The token received does not exist or is not valid.&gt;&#13;
	at org.junit.jupiter.api.AssertionUtils.fail(AssertionUtils.java:55)&#13;
	at org.junit.jupiter.api.AssertionUtils.failNotEqual(AssertionUtils.java:62)&#13;
	at org.junit.jupiter.api.AssertEquals.assertEquals(AssertEquals.java:182)&#13;
	at org.junit.jupiter.api.AssertEquals.assertEquals(AssertEquals.java:177)&#13;
	at org.junit.jupiter.api.Assertions.assertEquals(Assertions.java:1124)&#13;
	at Transport4Future.TokenManagement.ExecuteActionTest.ec_V01(ExecuteActionTest.java:70)&#13;
	at java.base/jdk.internal.reflect.NativeMethodAccessorImpl.invoke0(Native Method)&#13;
	at java.base/jdk.internal.reflect.NativeMethodAccessorImpl.invoke(Unknown Source)&#13;
	at java.base/jdk.internal.reflect.DelegatingMethodAccessorImpl.invoke(Unknown Source)&#13;
	at java.base/java.lang.reflect.Method.invoke(Unknown Source)&#13;
	at org.junit.platform.commons.util.ReflectionUtils.invokeMethod(ReflectionUtils.java:686)&#13;
	at org.junit.jupiter.engine.execution.MethodInvocation.proceed(MethodInvocation.java:60)&#13;
	at org.junit.jupiter.engine.execution.InvocationInterceptorChain$ValidatingInvocation.proceed(InvocationInterceptorChain.java:131)&#13;
	at org.junit.jupiter.engine.extension.TimeoutExtension.intercept(TimeoutExtension.java:149)&#13;
	at org.junit.jupiter.engine.extension.TimeoutExtension.interceptTestableMethod(TimeoutExtension.java:140)&#13;
	at org.junit.jupiter.engine.extension.TimeoutExtension.interceptTestMethod(TimeoutExtension.java:84)&#13;
	at org.junit.jupiter.engine.execution.ExecutableInvoker$ReflectiveInterceptorCall.lambda$ofVoidMethod$0(ExecutableInvoker.java:115)&#13;
	at org.junit.jupiter.engine.execution.ExecutableInvoker.lambda$invoke$0(ExecutableInvoker.java:105)&#13;
	at org.junit.jupiter.engine.execution.InvocationInterceptorChain$InterceptedInvocation.proceed(InvocationInterceptorChain.java:106)&#13;
	at org.junit.jupiter.engine.execution.InvocationInterceptorChain.proceed(InvocationInterceptorChain.java:64)&#13;
	at org.junit.jupiter.engine.execution.InvocationInterceptorChain.chainAndInvoke(InvocationInterceptorChain.java:45)&#13;
	at org.junit.jupiter.engine.execution.InvocationInterceptorChain.invoke(InvocationInterceptorChain.java:37)&#13;
	at org.junit.jupiter.engine.execution.ExecutableInvoker.invoke(ExecutableInvoker.java:104)&#13;
	at org.junit.jupiter.engine.execution.ExecutableInvoker.invoke(ExecutableInvoker.java:98)&#13;
	at org.junit.jupiter.engine.descriptor.TestMethodTestDescriptor.lambda$invokeTestMethod$6(TestMethodTestDescriptor.java:205)&#13;
	at org.junit.platform.engine.support.hierarchical.ThrowableCollector.execute(ThrowableCollector.java:73)&#13;
	at org.junit.jupiter.engine.descriptor.TestMethodTestDescriptor.invokeTestMethod(TestMethodTestDescriptor.java:201)&#13;
	at org.junit.jupiter.engine.descriptor.TestMethodTestDescriptor.execute(TestMethodTestDescriptor.java:137)&#13;
	at org.junit.jupiter.engine.descriptor.TestMethodTestDescriptor.execute(TestMethodTestDescriptor.java:71)&#13;
	at org.junit.platform.engine.support.hierarchical.NodeTestTask.lambda$executeRecursively$5(NodeTestTask.java:135)&#13;
	at org.junit.platform.engine.support.hierarchical.ThrowableCollector.execute(ThrowableCollector.java:73)&#13;
	at org.junit.platform.engine.support.hierarchical.NodeTestTask.lambda$executeRecursively$7(NodeTestTask.java:125)&#13;
	at org.junit.platform.engine.support.hierarchical.Node.around(Node.java:135)&#13;
	at org.junit.platform.engine.support.hierarchical.NodeTestTask.lambda$executeRecursively$8(NodeTestTask.java:123)&#13;
	at org.junit.platform.engine.support.hierarchical.ThrowableCollector.execute(ThrowableCollector.java:73)&#13;
	at org.junit.platform.engine.support.hierarchical.NodeTestTask.executeRecursively(NodeTestTask.java:122)&#13;
	at org.junit.platform.engine.support.hierarchical.NodeTestTask.execute(NodeTestTask.java:80)&#13;
	at java.base/java.util.ArrayList.forEach(Unknown Source)&#13;
	at org.junit.platform.engine.support.hierarchical.SameThreadHierarchicalTestExecutorService.invokeAll(SameThreadHierarchicalTestExecutorService.java:38)&#13;
	at org.junit.platform.engine.support.hierarchical.NodeTestTask.lambda$executeRecursively$5(NodeTestTask.java:139)&#13;
	at org.junit.platform.engine.support.hierarchical.ThrowableCollector.execute(ThrowableCollector.java:73)&#13;
	at org.junit.platform.engine.support.hierarchical.NodeTestTask.lambda$executeRecursively$7(NodeTestTask.java:125)&#13;
	at org.junit.platform.engine.support.hierarchical.Node.around(Node.java:135)&#13;
	at org.junit.platform.engine.support.hierarchical.NodeTestTask.lambda$executeRecursively$8(NodeTestTask.java:123)&#13;
	at org.junit.platform.engine.support.hierarchical.ThrowableCollector.execute(ThrowableCollector.java:73)&#13;
	at org.junit.platform.engine.support.hierarchical.NodeTestTask.executeRecursively(NodeTestTask.java:122)&#13;
	at org.junit.platform.engine.support.hierarchical.NodeTestTask.execute(NodeTestTask.java:80)&#13;
	at java.base/java.util.ArrayList.forEach(Unknown Source)&#13;
	at org.junit.platform.engine.support.hierarchical.SameThreadHierarchicalTestExecutorService.invokeAll(SameThreadHierarchicalTestExecutorService.java:38)&#13;
	at org.junit.platform.engine.support.hierarchical.NodeTestTask.lambda$executeRecursively$5(NodeTestTask.java:139)&#13;
	at org.junit.platform.engine.support.hierarchical.ThrowableCollector.execute(ThrowableCollector.java:73)&#13;
	at org.junit.platform.engine.support.hierarchical.NodeTestTask.lambda$executeRecursively$7(NodeTestTask.java:125)&#13;
	at org.junit.platform.engine.support.hierarchical.Node.around(Node.java:135)&#13;
	at org.junit.platform.engine.support.hierarchical.NodeTestTask.lambda$executeRecursively$8(NodeTestTask.java:123)&#13;
	at org.junit.platform.engine.support.hierarchical.ThrowableCollector.execute(ThrowableCollector.java:73)&#13;
	at org.junit.platform.engine.support.hierarchical.NodeTestTask.executeRecursively(NodeTestTask.java:122)&#13;
	at org.junit.platform.engine.support.hierarchical.NodeTestTask.execute(NodeTestTask.java:80)&#13;
	at org.junit.platform.engine.support.hierarchical.SameThreadHierarchicalTestExecutorService.submit(SameThreadHierarchicalTestExecutorService.java:32)&#13;
	at org.junit.platform.engine.support.hierarchical.HierarchicalTestExecutor.execute(HierarchicalTestExecutor.java:57)&#13;
	at org.junit.platform.engine.support.hierarchical.HierarchicalTestEngine.execute(HierarchicalTestEngine.java:51)&#13;
	at org.junit.platform.launcher.core.DefaultLauncher.execute(DefaultLauncher.java:229)&#13;
	at org.junit.platform.launcher.core.DefaultLauncher.lambda$execute$6(DefaultLauncher.java:197)&#13;
	at org.junit.platform.launcher.core.DefaultLauncher.withInterceptedStreams(DefaultLauncher.java:211)&#13;
	at org.junit.platform.launcher.core.DefaultLauncher.execute(DefaultLauncher.java:191)&#13;
	at org.junit.platform.launcher.core.DefaultLauncher.execute(DefaultLauncher.java:137)&#13;
	at org.eclipse.jdt.internal.junit5.runner.JUnit5TestReference.run(JUnit5TestReference.java:89)&#13;
	at org.eclipse.jdt.internal.junit.runner.TestExecution.run(TestExecution.java:41)&#13;
	at org.eclipse.jdt.internal.junit.runner.RemoteTestRunner.runTests(RemoteTestRunner.java:541)&#13;
	at org.eclipse.jdt.internal.junit.runner.RemoteTestRunner.runTests(RemoteTestRunner.java:763)&#13;
	at org.eclipse.jdt.internal.junit.runner.RemoteTestRunner.run(RemoteTestRunner.java:463)&#13;
	at org.eclipse.jdt.internal.junit.runner.RemoteTestRunner.main(RemoteTestRunner.java:209)&#13;
&#13;

      </failure>
    </testcase>
    <testcase name="ec_V02" classname="Transport4Future.TokenManagement.ExecuteActionTest" time="0.005" displayname="ec_V02()" uniqueid="[engine:junit-jupiter]/[class:Transport4Future.TokenManagement.ExecuteActionTest]/[method:ec_V02()]">
      <failure>
        <expected>The device represented by the token cannot execute the requested operation.</expected>
        <actual>The token received does not exist or is not valid.</actual>
        org.opentest4j.AssertionFailedError: expected: &lt;The device represented by the token cannot execute the requested operation.&gt; but was: &lt;The token received does not exist or is not valid.&gt;&#13;
	at org.junit.jupiter.api.AssertionUtils.fail(AssertionUtils.java:55)&#13;
	at org.junit.jupiter.api.AssertionUtils.failNotEqual(AssertionUtils.java:62)&#13;
	at org.junit.jupiter.api.AssertEquals.assertEquals(AssertEquals.java:182)&#13;
	at org.junit.jupiter.api.AssertEquals.assertEquals(AssertEquals.java:177)&#13;
	at org.junit.jupiter.api.Assertions.assertEquals(Assertions.java:1124)&#13;
	at Transport4Future.TokenManagement.ExecuteActionTest.ec_V02(ExecuteActionTest.java:93)&#13;
	at java.base/jdk.internal.reflect.NativeMethodAccessorImpl.invoke0(Native Method)&#13;
	at java.base/jdk.internal.reflect.NativeMethodAccessorImpl.invoke(Unknown Source)&#13;
	at java.base/jdk.internal.reflect.DelegatingMethodAccessorImpl.invoke(Unknown Source)&#13;
	at java.base/java.lang.reflect.Method.invoke(Unknown Source)&#13;
	at org.junit.platform.commons.util.ReflectionUtils.invokeMethod(ReflectionUtils.java:686)&#13;
	at org.junit.jupiter.engine.execution.MethodInvocation.proceed(MethodInvocation.java:60)&#13;
	at org.junit.jupiter.engine.execution.InvocationInterceptorChain$ValidatingInvocation.proceed(InvocationInterceptorChain.java:131)&#13;
	at org.junit.jupiter.engine.extension.TimeoutExtension.intercept(TimeoutExtension.java:149)&#13;
	at org.junit.jupiter.engine.extension.TimeoutExtension.interceptTestableMethod(TimeoutExtension.java:140)&#13;
	at org.junit.jupiter.engine.extension.TimeoutExtension.interceptTestMethod(TimeoutExtension.java:84)&#13;
	at org.junit.jupiter.engine.execution.ExecutableInvoker$ReflectiveInterceptorCall.lambda$ofVoidMethod$0(ExecutableInvoker.java:115)&#13;
	at org.junit.jupiter.engine.execution.ExecutableInvoker.lambda$invoke$0(ExecutableInvoker.java:105)&#13;
	at org.junit.jupiter.engine.execution.InvocationInterceptorChain$InterceptedInvocation.proceed(InvocationInterceptorChain.java:106)&#13;
	at org.junit.jupiter.engine.execution.InvocationInterceptorChain.proceed(InvocationInterceptorChain.java:64)&#13;
	at org.junit.jupiter.engine.execution.InvocationInterceptorChain.chainAndInvoke(InvocationInterceptorChain.java:45)&#13;
	at org.junit.jupiter.engine.execution.InvocationInterceptorChain.invoke(InvocationInterceptorChain.java:37)&#13;
	at org.junit.jupiter.engine.execution.ExecutableInvoker.invoke(ExecutableInvoker.java:104)&#13;
	at org.junit.jupiter.engine.execution.ExecutableInvoker.invoke(ExecutableInvoker.java:98)&#13;
	at org.junit.jupiter.engine.descriptor.TestMethodTestDescriptor.lambda$invokeTestMethod$6(TestMethodTestDescriptor.java:205)&#13;
	at org.junit.platform.engine.support.hierarchical.ThrowableCollector.execute(ThrowableCollector.java:73)&#13;
	at org.junit.jupiter.engine.descriptor.TestMethodTestDescriptor.invokeTestMethod(TestMethodTestDescriptor.java:201)&#13;
	at org.junit.jupiter.engine.descriptor.TestMethodTestDescriptor.execute(TestMethodTestDescriptor.java:137)&#13;
	at org.junit.jupiter.engine.descriptor.TestMethodTestDescriptor.execute(TestMethodTestDescriptor.java:71)&#13;
	at org.junit.platform.engine.support.hierarchical.NodeTestTask.lambda$executeRecursively$5(NodeTestTask.java:135)&#13;
	at org.junit.platform.engine.support.hierarchical.ThrowableCollector.execute(ThrowableCollector.java:73)&#13;
	at org.junit.platform.engine.support.hierarchical.NodeTestTask.lambda$executeRecursively$7(NodeTestTask.java:125)&#13;
	at org.junit.platform.engine.support.hierarchical.Node.around(Node.java:135)&#13;
	at org.junit.platform.engine.support.hierarchical.NodeTestTask.lambda$executeRecursively$8(NodeTestTask.java:123)&#13;
	at org.junit.platform.engine.support.hierarchical.ThrowableCollector.execute(ThrowableCollector.java:73)&#13;
	at org.junit.platform.engine.support.hierarchical.NodeTestTask.executeRecursively(NodeTestTask.java:122)&#13;
	at org.junit.platform.engine.support.hierarchical.NodeTestTask.execute(NodeTestTask.java:80)&#13;
	at java.base/java.util.ArrayList.forEach(Unknown Source)&#13;
	at org.junit.platform.engine.support.hierarchical.SameThreadHierarchicalTestExecutorService.invokeAll(SameThreadHierarchicalTestExecutorService.java:38)&#13;
	at org.junit.platform.engine.support.hierarchical.NodeTestTask.lambda$executeRecursively$5(NodeTestTask.java:139)&#13;
	at org.junit.platform.engine.support.hierarchical.ThrowableCollector.execute(ThrowableCollector.java:73)&#13;
	at org.junit.platform.engine.support.hierarchical.NodeTestTask.lambda$executeRecursively$7(NodeTestTask.java:125)&#13;
	at org.junit.platform.engine.support.hierarchical.Node.around(Node.java:135)&#13;
	at org.junit.platform.engine.support.hierarchical.NodeTestTask.lambda$executeRecursively$8(NodeTestTask.java:123)&#13;
	at org.junit.platform.engine.support.hierarchical.ThrowableCollector.execute(ThrowableCollector.java:73)&#13;
	at org.junit.platform.engine.support.hierarchical.NodeTestTask.executeRecursively(NodeTestTask.java:122)&#13;
	at org.junit.platform.engine.support.hierarchical.NodeTestTask.execute(NodeTestTask.java:80)&#13;
	at java.base/java.util.ArrayList.forEach(Unknown Source)&#13;
	at org.junit.platform.engine.support.hierarchical.SameThreadHierarchicalTestExecutorService.invokeAll(SameThreadHierarchicalTestExecutorService.java:38)&#13;
	at org.junit.platform.engine.support.hierarchical.NodeTestTask.lambda$executeRecursively$5(NodeTestTask.java:139)&#13;
	at org.junit.platform.engine.support.hierarchical.ThrowableCollector.execute(ThrowableCollector.java:73)&#13;
	at org.junit.platform.engine.support.hierarchical.NodeTestTask.lambda$executeRecursively$7(NodeTestTask.java:125)&#13;
	at org.junit.platform.engine.support.hierarchical.Node.around(Node.java:135)&#13;
	at org.junit.platform.engine.support.hierarchical.NodeTestTask.lambda$executeRecursively$8(NodeTestTask.java:123)&#13;
	at org.junit.platform.engine.support.hierarchical.ThrowableCollector.execute(ThrowableCollector.java:73)&#13;
	at org.junit.platform.engine.support.hierarchical.NodeTestTask.executeRecursively(NodeTestTask.java:122)&#13;
	at org.junit.platform.engine.support.hierarchical.NodeTestTask.execute(NodeTestTask.java:80)&#13;
	at org.junit.platform.engine.support.hierarchical.SameThreadHierarchicalTestExecutorService.submit(SameThreadHierarchicalTestExecutorService.java:32)&#13;
	at org.junit.platform.engine.support.hierarchical.HierarchicalTestExecutor.execute(HierarchicalTestExecutor.java:57)&#13;
	at org.junit.platform.engine.support.hierarchical.HierarchicalTestEngine.execute(HierarchicalTestEngine.java:51)&#13;
	at org.junit.platform.launcher.core.DefaultLauncher.execute(DefaultLauncher.java:229)&#13;
	at org.junit.platform.launcher.core.DefaultLauncher.lambda$execute$6(DefaultLauncher.java:197)&#13;
	at org.junit.platform.launcher.core.DefaultLauncher.withInterceptedStreams(DefaultLauncher.java:211)&#13;
	at org.junit.platform.launcher.core.DefaultLauncher.execute(DefaultLauncher.java:191)&#13;
	at org.junit.platform.launcher.core.DefaultLauncher.execute(DefaultLauncher.java:137)&#13;
	at org.eclipse.jdt.internal.junit5.runner.JUnit5TestReference.run(JUnit5TestReference.java:89)&#13;
	at org.eclipse.jdt.internal.junit.runner.TestExecution.run(TestExecution.java:41)&#13;
	at org.eclipse.jdt.internal.junit.runner.RemoteTestRunner.runTests(RemoteTestRunner.java:541)&#13;
	at org.eclipse.jdt.internal.junit.runner.RemoteTestRunner.runTests(RemoteTestRunner.java:763)&#13;
	at org.eclipse.jdt.internal.junit.runner.RemoteTestRunner.run(RemoteTestRunner.java:463)&#13;
	at org.eclipse.jdt.internal.junit.runner.RemoteTestRunner.main(RemoteTestRunner.java:209)&#13;
&#13;

      </failure>
    </testcase>
    <testcase name="ec_V03" classname="Transport4Future.TokenManagement.ExecuteActionTest" time="0.004" displayname="ec_V03()" uniqueid="[engine:junit-jupiter]/[class:Transport4Future.TokenManagement.ExecuteActionTest]/[method:ec_V03()]">
      <failure>
        <expected>The device represented by the token cannot execute the requested operation.</expected>
        <actual>The token received does not exist or is not valid.</actual>
        org.opentest4j.AssertionFailedError: expected: &lt;The device represented by the token cannot execute the requested operation.&gt; but was: &lt;The token received does not exist or is not valid.&gt;&#13;
	at org.junit.jupiter.api.AssertionUtils.fail(AssertionUtils.java:55)&#13;
	at org.junit.jupiter.api.AssertionUtils.failNotEqual(AssertionUtils.java:62)&#13;
	at org.junit.jupiter.api.AssertEquals.assertEquals(AssertEquals.java:182)&#13;
	at org.junit.jupiter.api.AssertEquals.assertEquals(AssertEquals.java:177)&#13;
	at org.junit.jupiter.api.Assertions.assertEquals(Assertions.java:1124)&#13;
	at Transport4Future.TokenManagement.ExecuteActionTest.ec_V03(ExecuteActionTest.java:116)&#13;
	at java.base/jdk.internal.reflect.NativeMethodAccessorImpl.invoke0(Native Method)&#13;
	at java.base/jdk.internal.reflect.NativeMethodAccessorImpl.invoke(Unknown Source)&#13;
	at java.base/jdk.internal.reflect.DelegatingMethodAccessorImpl.invoke(Unknown Source)&#13;
	at java.base/java.lang.reflect.Method.invoke(Unknown Source)&#13;
	at org.junit.platform.commons.util.ReflectionUtils.invokeMethod(ReflectionUtils.java:686)&#13;
	at org.junit.jupiter.engine.execution.MethodInvocation.proceed(MethodInvocation.java:60)&#13;
	at org.junit.jupiter.engine.execution.InvocationInterceptorChain$ValidatingInvocation.proceed(InvocationInterceptorChain.java:131)&#13;
	at org.junit.jupiter.engine.extension.TimeoutExtension.intercept(TimeoutExtension.java:149)&#13;
	at org.junit.jupiter.engine.extension.TimeoutExtension.interceptTestableMethod(TimeoutExtension.java:140)&#13;
	at org.junit.jupiter.engine.extension.TimeoutExtension.interceptTestMethod(TimeoutExtension.java:84)&#13;
	at org.junit.jupiter.engine.execution.ExecutableInvoker$ReflectiveInterceptorCall.lambda$ofVoidMethod$0(ExecutableInvoker.java:115)&#13;
	at org.junit.jupiter.engine.execution.ExecutableInvoker.lambda$invoke$0(ExecutableInvoker.java:105)&#13;
	at org.junit.jupiter.engine.execution.InvocationInterceptorChain$InterceptedInvocation.proceed(InvocationInterceptorChain.java:106)&#13;
	at org.junit.jupiter.engine.execution.InvocationInterceptorChain.proceed(InvocationInterceptorChain.java:64)&#13;
	at org.junit.jupiter.engine.execution.InvocationInterceptorChain.chainAndInvoke(InvocationInterceptorChain.java:45)&#13;
	at org.junit.jupiter.engine.execution.InvocationInterceptorChain.invoke(InvocationInterceptorChain.java:37)&#13;
	at org.junit.jupiter.engine.execution.ExecutableInvoker.invoke(ExecutableInvoker.java:104)&#13;
	at org.junit.jupiter.engine.execution.ExecutableInvoker.invoke(ExecutableInvoker.java:98)&#13;
	at org.junit.jupiter.engine.descriptor.TestMethodTestDescriptor.lambda$invokeTestMethod$6(TestMethodTestDescriptor.java:205)&#13;
	at org.junit.platform.engine.support.hierarchical.ThrowableCollector.execute(ThrowableCollector.java:73)&#13;
	at org.junit.jupiter.engine.descriptor.TestMethodTestDescriptor.invokeTestMethod(TestMethodTestDescriptor.java:201)&#13;
	at org.junit.jupiter.engine.descriptor.TestMethodTestDescriptor.execute(TestMethodTestDescriptor.java:137)&#13;
	at org.junit.jupiter.engine.descriptor.TestMethodTestDescriptor.execute(TestMethodTestDescriptor.java:71)&#13;
	at org.junit.platform.engine.support.hierarchical.NodeTestTask.lambda$executeRecursively$5(NodeTestTask.java:135)&#13;
	at org.junit.platform.engine.support.hierarchical.ThrowableCollector.execute(ThrowableCollector.java:73)&#13;
	at org.junit.platform.engine.support.hierarchical.NodeTestTask.lambda$executeRecursively$7(NodeTestTask.java:125)&#13;
	at org.junit.platform.engine.support.hierarchical.Node.around(Node.java:135)&#13;
	at org.junit.platform.engine.support.hierarchical.NodeTestTask.lambda$executeRecursively$8(NodeTestTask.java:123)&#13;
	at org.junit.platform.engine.support.hierarchical.ThrowableCollector.execute(ThrowableCollector.java:73)&#13;
	at org.junit.platform.engine.support.hierarchical.NodeTestTask.executeRecursively(NodeTestTask.java:122)&#13;
	at org.junit.platform.engine.support.hierarchical.NodeTestTask.execute(NodeTestTask.java:80)&#13;
	at java.base/java.util.ArrayList.forEach(Unknown Source)&#13;
	at org.junit.platform.engine.support.hierarchical.SameThreadHierarchicalTestExecutorService.invokeAll(SameThreadHierarchicalTestExecutorService.java:38)&#13;
	at org.junit.platform.engine.support.hierarchical.NodeTestTask.lambda$executeRecursively$5(NodeTestTask.java:139)&#13;
	at org.junit.platform.engine.support.hierarchical.ThrowableCollector.execute(ThrowableCollector.java:73)&#13;
	at org.junit.platform.engine.support.hierarchical.NodeTestTask.lambda$executeRecursively$7(NodeTestTask.java:125)&#13;
	at org.junit.platform.engine.support.hierarchical.Node.around(Node.java:135)&#13;
	at org.junit.platform.engine.support.hierarchical.NodeTestTask.lambda$executeRecursively$8(NodeTestTask.java:123)&#13;
	at org.junit.platform.engine.support.hierarchical.ThrowableCollector.execute(ThrowableCollector.java:73)&#13;
	at org.junit.platform.engine.support.hierarchical.NodeTestTask.executeRecursively(NodeTestTask.java:122)&#13;
	at org.junit.platform.engine.support.hierarchical.NodeTestTask.execute(NodeTestTask.java:80)&#13;
	at java.base/java.util.ArrayList.forEach(Unknown Source)&#13;
	at org.junit.platform.engine.support.hierarchical.SameThreadHierarchicalTestExecutorService.invokeAll(SameThreadHierarchicalTestExecutorService.java:38)&#13;
	at org.junit.platform.engine.support.hierarchical.NodeTestTask.lambda$executeRecursively$5(NodeTestTask.java:139)&#13;
	at org.junit.platform.engine.support.hierarchical.ThrowableCollector.execute(ThrowableCollector.java:73)&#13;
	at org.junit.platform.engine.support.hierarchical.NodeTestTask.lambda$executeRecursively$7(NodeTestTask.java:125)&#13;
	at org.junit.platform.engine.support.hierarchical.Node.around(Node.java:135)&#13;
	at org.junit.platform.engine.support.hierarchical.NodeTestTask.lambda$executeRecursively$8(NodeTestTask.java:123)&#13;
	at org.junit.platform.engine.support.hierarchical.ThrowableCollector.execute(ThrowableCollector.java:73)&#13;
	at org.junit.platform.engine.support.hierarchical.NodeTestTask.executeRecursively(NodeTestTask.java:122)&#13;
	at org.junit.platform.engine.support.hierarchical.NodeTestTask.execute(NodeTestTask.java:80)&#13;
	at org.junit.platform.engine.support.hierarchical.SameThreadHierarchicalTestExecutorService.submit(SameThreadHierarchicalTestExecutorService.java:32)&#13;
	at org.junit.platform.engine.support.hierarchical.HierarchicalTestExecutor.execute(HierarchicalTestExecutor.java:57)&#13;
	at org.junit.platform.engine.support.hierarchical.HierarchicalTestEngine.execute(HierarchicalTestEngine.java:51)&#13;
	at org.junit.platform.launcher.core.DefaultLauncher.execute(DefaultLauncher.java:229)&#13;
	at org.junit.platform.launcher.core.DefaultLauncher.lambda$execute$6(DefaultLauncher.java:197)&#13;
	at org.junit.platform.launcher.core.DefaultLauncher.withInterceptedStreams(DefaultLauncher.java:211)&#13;
	at org.junit.platform.launcher.core.DefaultLauncher.execute(DefaultLauncher.java:191)&#13;
	at org.junit.platform.launcher.core.DefaultLauncher.execute(DefaultLauncher.java:137)&#13;
	at org.eclipse.jdt.internal.junit5.runner.JUnit5TestReference.run(JUnit5TestReference.java:89)&#13;
	at org.eclipse.jdt.internal.junit.runner.TestExecution.run(TestExecution.java:41)&#13;
	at org.eclipse.jdt.internal.junit.runner.RemoteTestRunner.runTests(RemoteTestRunner.java:541)&#13;
	at org.eclipse.jdt.internal.junit.runner.RemoteTestRunner.runTests(RemoteTestRunner.java:763)&#13;
	at org.eclipse.jdt.internal.junit.runner.RemoteTestRunner.run(RemoteTestRunner.java:463)&#13;
	at org.eclipse.jdt.internal.junit.runner.RemoteTestRunner.main(RemoteTestRunner.java:209)&#13;
&#13;

      </failure>
    </testcase>
    <testcase name="syntax_IV01" classname="Transport4Future.TokenManagement.ExecuteActionTest" time="0.012" displayname="syntax_IV01()" uniqueid="[engine:junit-jupiter]/[class:Transport4Future.TokenManagement.ExecuteActionTest]/[method:syntax_IV01()]"/>
    <testcase name="syntax_IV02" classname="Transport4Future.TokenManagement.ExecuteActionTest" time="0.011" displayname="syntax_IV02()" uniqueid="[engine:junit-jupiter]/[class:Transport4Future.TokenManagement.ExecuteActionTest]/[method:syntax_IV02()]"/>
    <testcase name="syntax_IV03" classname="Transport4Future.TokenManagement.ExecuteActionTest" time="0.015" displayname="syntax_IV03()" uniqueid="[engine:junit-jupiter]/[class:Transport4Future.TokenManagement.ExecuteActionTest]/[method:syntax_IV03()]"/>
    <testcase name="syntax_IV04" classname="Transport4Future.TokenManagement.ExecuteActionTest" time="0.016" displayname="syntax_IV04()" uniqueid="[engine:junit-jupiter]/[class:Transport4Future.TokenManagement.ExecuteActionTest]/[method:syntax_IV04()]"/>
    <testcase name="syntax_IV05" classname="Transport4Future.TokenManagement.ExecuteActionTest" time="0.013" displayname="syntax_IV05()" uniqueid="[engine:junit-jupiter]/[class:Transport4Future.TokenManagement.ExecuteActionTest]/[method:syntax_IV05()]"/>
    <testcase name="syntax_IV06" classname="Transport4Future.TokenManagement.ExecuteActionTest" time="0.012" displayname="syntax_IV06()" uniqueid="[engine:junit-jupiter]/[class:Transport4Future.TokenManagement.ExecuteActionTest]/[method:syntax_IV06()]"/>
    <testcase name="syntax_IV07" classname="Transport4Future.TokenManagement.ExecuteActionTest" time="0.016" displayname="syntax_IV07()" uniqueid="[engine:junit-jupiter]/[class:Transport4Future.TokenManagement.ExecuteActionTest]/[method:syntax_IV07()]"/>
    <testcase name="syntax_IV08" classname="Transport4Future.TokenManagement.ExecuteActionTest" time="0.005" displayname="syntax_IV08()" uniqueid="[engine:junit-jupiter]/[class:Transport4Future.TokenManagement.ExecuteActionTest]/[method:syntax_IV08()]">
      <failure>
        <expected>Error: JSON object cannot be created due to incorrect representation</expected>
        <actual>Error: invalid input data in JSON structure.</actual>
        org.opentest4j.AssertionFailedError: expected: &lt;Error: JSON object cannot be created due to incorrect representation&gt; but was: &lt;Error: invalid input data in JSON structure.&gt;&#13;
	at org.junit.jupiter.api.AssertionUtils.fail(AssertionUtils.java:55)&#13;
	at org.junit.jupiter.api.AssertionUtils.failNotEqual(AssertionUtils.java:62)&#13;
	at org.junit.jupiter.api.AssertEquals.assertEquals(AssertEquals.java:182)&#13;
	at org.junit.jupiter.api.AssertEquals.assertEquals(AssertEquals.java:177)&#13;
	at org.junit.jupiter.api.Assertions.assertEquals(Assertions.java:1124)&#13;
	at Transport4Future.TokenManagement.ExecuteActionTest.syntax_IV08(ExecuteActionTest.java:450)&#13;
	at java.base/jdk.internal.reflect.NativeMethodAccessorImpl.invoke0(Native Method)&#13;
	at java.base/jdk.internal.reflect.NativeMethodAccessorImpl.invoke(Unknown Source)&#13;
	at java.base/jdk.internal.reflect.DelegatingMethodAccessorImpl.invoke(Unknown Source)&#13;
	at java.base/java.lang.reflect.Method.invoke(Unknown Source)&#13;
	at org.junit.platform.commons.util.ReflectionUtils.invokeMethod(ReflectionUtils.java:686)&#13;
	at org.junit.jupiter.engine.execution.MethodInvocation.proceed(MethodInvocation.java:60)&#13;
	at org.junit.jupiter.engine.execution.InvocationInterceptorChain$ValidatingInvocation.proceed(InvocationInterceptorChain.java:131)&#13;
	at org.junit.jupiter.engine.extension.TimeoutExtension.intercept(TimeoutExtension.java:149)&#13;
	at org.junit.jupiter.engine.extension.TimeoutExtension.interceptTestableMethod(TimeoutExtension.java:140)&#13;
	at org.junit.jupiter.engine.extension.TimeoutExtension.interceptTestMethod(TimeoutExtension.java:84)&#13;
	at org.junit.jupiter.engine.execution.ExecutableInvoker$ReflectiveInterceptorCall.lambda$ofVoidMethod$0(ExecutableInvoker.java:115)&#13;
	at org.junit.jupiter.engine.execution.ExecutableInvoker.lambda$invoke$0(ExecutableInvoker.java:105)&#13;
	at org.junit.jupiter.engine.execution.InvocationInterceptorChain$InterceptedInvocation.proceed(InvocationInterceptorChain.java:106)&#13;
	at org.junit.jupiter.engine.execution.InvocationInterceptorChain.proceed(InvocationInterceptorChain.java:64)&#13;
	at org.junit.jupiter.engine.execution.InvocationInterceptorChain.chainAndInvoke(InvocationInterceptorChain.java:45)&#13;
	at org.junit.jupiter.engine.execution.InvocationInterceptorChain.invoke(InvocationInterceptorChain.java:37)&#13;
	at org.junit.jupiter.engine.execution.ExecutableInvoker.invoke(ExecutableInvoker.java:104)&#13;
	at org.junit.jupiter.engine.execution.ExecutableInvoker.invoke(ExecutableInvoker.java:98)&#13;
	at org.junit.jupiter.engine.descriptor.TestMethodTestDescriptor.lambda$invokeTestMethod$6(TestMethodTestDescriptor.java:205)&#13;
	at org.junit.platform.engine.support.hierarchical.ThrowableCollector.execute(ThrowableCollector.java:73)&#13;
	at org.junit.jupiter.engine.descriptor.TestMethodTestDescriptor.invokeTestMethod(TestMethodTestDescriptor.java:201)&#13;
	at org.junit.jupiter.engine.descriptor.TestMethodTestDescriptor.execute(TestMethodTestDescriptor.java:137)&#13;
	at org.junit.jupiter.engine.descriptor.TestMethodTestDescriptor.execute(TestMethodTestDescriptor.java:71)&#13;
	at org.junit.platform.engine.support.hierarchical.NodeTestTask.lambda$executeRecursively$5(NodeTestTask.java:135)&#13;
	at org.junit.platform.engine.support.hierarchical.ThrowableCollector.execute(ThrowableCollector.java:73)&#13;
	at org.junit.platform.engine.support.hierarchical.NodeTestTask.lambda$executeRecursively$7(NodeTestTask.java:125)&#13;
	at org.junit.platform.engine.support.hierarchical.Node.around(Node.java:135)&#13;
	at org.junit.platform.engine.support.hierarchical.NodeTestTask.lambda$executeRecursively$8(NodeTestTask.java:123)&#13;
	at org.junit.platform.engine.support.hierarchical.ThrowableCollector.execute(ThrowableCollector.java:73)&#13;
	at org.junit.platform.engine.support.hierarchical.NodeTestTask.executeRecursively(NodeTestTask.java:122)&#13;
	at org.junit.platform.engine.support.hierarchical.NodeTestTask.execute(NodeTestTask.java:80)&#13;
	at java.base/java.util.ArrayList.forEach(Unknown Source)&#13;
	at org.junit.platform.engine.support.hierarchical.SameThreadHierarchicalTestExecutorService.invokeAll(SameThreadHierarchicalTestExecutorService.java:38)&#13;
	at org.junit.platform.engine.support.hierarchical.NodeTestTask.lambda$executeRecursively$5(NodeTestTask.java:139)&#13;
	at org.junit.platform.engine.support.hierarchical.ThrowableCollector.execute(ThrowableCollector.java:73)&#13;
	at org.junit.platform.engine.support.hierarchical.NodeTestTask.lambda$executeRecursively$7(NodeTestTask.java:125)&#13;
	at org.junit.platform.engine.support.hierarchical.Node.around(Node.java:135)&#13;
	at org.junit.platform.engine.support.hierarchical.NodeTestTask.lambda$executeRecursively$8(NodeTestTask.java:123)&#13;
	at org.junit.platform.engine.support.hierarchical.ThrowableCollector.execute(ThrowableCollector.java:73)&#13;
	at org.junit.platform.engine.support.hierarchical.NodeTestTask.executeRecursively(NodeTestTask.java:122)&#13;
	at org.junit.platform.engine.support.hierarchical.NodeTestTask.execute(NodeTestTask.java:80)&#13;
	at java.base/java.util.ArrayList.forEach(Unknown Source)&#13;
	at org.junit.platform.engine.support.hierarchical.SameThreadHierarchicalTestExecutorService.invokeAll(SameThreadHierarchicalTestExecutorService.java:38)&#13;
	at org.junit.platform.engine.support.hierarchical.NodeTestTask.lambda$executeRecursively$5(NodeTestTask.java:139)&#13;
	at org.junit.platform.engine.support.hierarchical.ThrowableCollector.execute(ThrowableCollector.java:73)&#13;
	at org.junit.platform.engine.support.hierarchical.NodeTestTask.lambda$executeRecursively$7(NodeTestTask.java:125)&#13;
	at org.junit.platform.engine.support.hierarchical.Node.around(Node.java:135)&#13;
	at org.junit.platform.engine.support.hierarchical.NodeTestTask.lambda$executeRecursively$8(NodeTestTask.java:123)&#13;
	at org.junit.platform.engine.support.hierarchical.ThrowableCollector.execute(ThrowableCollector.java:73)&#13;
	at org.junit.platform.engine.support.hierarchical.NodeTestTask.executeRecursively(NodeTestTask.java:122)&#13;
	at org.junit.platform.engine.support.hierarchical.NodeTestTask.execute(NodeTestTask.java:80)&#13;
	at org.junit.platform.engine.support.hierarchical.SameThreadHierarchicalTestExecutorService.submit(SameThreadHierarchicalTestExecutorService.java:32)&#13;
	at org.junit.platform.engine.support.hierarchical.HierarchicalTestExecutor.execute(HierarchicalTestExecutor.java:57)&#13;
	at org.junit.platform.engine.support.hierarchical.HierarchicalTestEngine.execute(HierarchicalTestEngine.java:51)&#13;
	at org.junit.platform.launcher.core.DefaultLauncher.execute(DefaultLauncher.java:229)&#13;
	at org.junit.platform.launcher.core.DefaultLauncher.lambda$execute$6(DefaultLauncher.java:197)&#13;
	at org.junit.platform.launcher.core.DefaultLauncher.withInterceptedStreams(DefaultLauncher.java:211)&#13;
	at org.junit.platform.launcher.core.DefaultLauncher.execute(DefaultLauncher.java:191)&#13;
	at org.junit.platform.launcher.core.DefaultLauncher.execute(DefaultLauncher.java:137)&#13;
	at org.eclipse.jdt.internal.junit5.runner.JUnit5TestReference.run(JUnit5TestReference.java:89)&#13;
	at org.eclipse.jdt.internal.junit.runner.TestExecution.run(TestExecution.java:41)&#13;
	at org.eclipse.jdt.internal.junit.runner.RemoteTestRunner.runTests(RemoteTestRunner.java:541)&#13;
	at org.eclipse.jdt.internal.junit.runner.RemoteTestRunner.runTests(RemoteTestRunner.java:763)&#13;
	at org.eclipse.jdt.internal.junit.runner.RemoteTestRunner.run(RemoteTestRunner.java:463)&#13;
	at org.eclipse.jdt.internal.junit.runner.RemoteTestRunner.main(RemoteTestRunner.java:209)&#13;
&#13;

      </failure>
    </testcase>
    <testcase name="syntax_IV09" classname="Transport4Future.TokenManagement.ExecuteActionTest" time="0.015" displayname="syntax_IV09()" uniqueid="[engine:junit-jupiter]/[class:Transport4Future.TokenManagement.ExecuteActionTest]/[method:syntax_IV09()]"/>
    <testcase name="syntax_IV10" classname="Transport4Future.TokenManagement.ExecuteActionTest" time="0.013" displayname="syntax_IV10()" uniqueid="[engine:junit-jupiter]/[class:Transport4Future.TokenManagement.ExecuteActionTest]/[method:syntax_IV10()]"/>
    <testcase name="syntax_IV11" classname="Transport4Future.TokenManagement.ExecuteActionTest" time="0.005" displayname="syntax_IV11()" uniqueid="[engine:junit-jupiter]/[class:Transport4Future.TokenManagement.ExecuteActionTest]/[method:syntax_IV11()]">
      <failure>
        <expected>Error: JSON object cannot be created due to incorrect representation</expected>
        <actual>The token received does not exist or is not valid.</actual>
        org.opentest4j.AssertionFailedError: expected: &lt;Error: JSON object cannot be created due to incorrect representation&gt; but was: &lt;The token received does not exist or is not valid.&gt;&#13;
	at org.junit.jupiter.api.AssertionUtils.fail(AssertionUtils.java:55)&#13;
	at org.junit.jupiter.api.AssertionUtils.failNotEqual(AssertionUtils.java:62)&#13;
	at org.junit.jupiter.api.AssertEquals.assertEquals(AssertEquals.java:182)&#13;
	at org.junit.jupiter.api.AssertEquals.assertEquals(AssertEquals.java:177)&#13;
	at org.junit.jupiter.api.Assertions.assertEquals(Assertions.java:1124)&#13;
	at Transport4Future.TokenManagement.ExecuteActionTest.syntax_IV11(ExecuteActionTest.java:498)&#13;
	at java.base/jdk.internal.reflect.NativeMethodAccessorImpl.invoke0(Native Method)&#13;
	at java.base/jdk.internal.reflect.NativeMethodAccessorImpl.invoke(Unknown Source)&#13;
	at java.base/jdk.internal.reflect.DelegatingMethodAccessorImpl.invoke(Unknown Source)&#13;
	at java.base/java.lang.reflect.Method.invoke(Unknown Source)&#13;
	at org.junit.platform.commons.util.ReflectionUtils.invokeMethod(ReflectionUtils.java:686)&#13;
	at org.junit.jupiter.engine.execution.MethodInvocation.proceed(MethodInvocation.java:60)&#13;
	at org.junit.jupiter.engine.execution.InvocationInterceptorChain$ValidatingInvocation.proceed(InvocationInterceptorChain.java:131)&#13;
	at org.junit.jupiter.engine.extension.TimeoutExtension.intercept(TimeoutExtension.java:149)&#13;
	at org.junit.jupiter.engine.extension.TimeoutExtension.interceptTestableMethod(TimeoutExtension.java:140)&#13;
	at org.junit.jupiter.engine.extension.TimeoutExtension.interceptTestMethod(TimeoutExtension.java:84)&#13;
	at org.junit.jupiter.engine.execution.ExecutableInvoker$ReflectiveInterceptorCall.lambda$ofVoidMethod$0(ExecutableInvoker.java:115)&#13;
	at org.junit.jupiter.engine.execution.ExecutableInvoker.lambda$invoke$0(ExecutableInvoker.java:105)&#13;
	at org.junit.jupiter.engine.execution.InvocationInterceptorChain$InterceptedInvocation.proceed(InvocationInterceptorChain.java:106)&#13;
	at org.junit.jupiter.engine.execution.InvocationInterceptorChain.proceed(InvocationInterceptorChain.java:64)&#13;
	at org.junit.jupiter.engine.execution.InvocationInterceptorChain.chainAndInvoke(InvocationInterceptorChain.java:45)&#13;
	at org.junit.jupiter.engine.execution.InvocationInterceptorChain.invoke(InvocationInterceptorChain.java:37)&#13;
	at org.junit.jupiter.engine.execution.ExecutableInvoker.invoke(ExecutableInvoker.java:104)&#13;
	at org.junit.jupiter.engine.execution.ExecutableInvoker.invoke(ExecutableInvoker.java:98)&#13;
	at org.junit.jupiter.engine.descriptor.TestMethodTestDescriptor.lambda$invokeTestMethod$6(TestMethodTestDescriptor.java:205)&#13;
	at org.junit.platform.engine.support.hierarchical.ThrowableCollector.execute(ThrowableCollector.java:73)&#13;
	at org.junit.jupiter.engine.descriptor.TestMethodTestDescriptor.invokeTestMethod(TestMethodTestDescriptor.java:201)&#13;
	at org.junit.jupiter.engine.descriptor.TestMethodTestDescriptor.execute(TestMethodTestDescriptor.java:137)&#13;
	at org.junit.jupiter.engine.descriptor.TestMethodTestDescriptor.execute(TestMethodTestDescriptor.java:71)&#13;
	at org.junit.platform.engine.support.hierarchical.NodeTestTask.lambda$executeRecursively$5(NodeTestTask.java:135)&#13;
	at org.junit.platform.engine.support.hierarchical.ThrowableCollector.execute(ThrowableCollector.java:73)&#13;
	at org.junit.platform.engine.support.hierarchical.NodeTestTask.lambda$executeRecursively$7(NodeTestTask.java:125)&#13;
	at org.junit.platform.engine.support.hierarchical.Node.around(Node.java:135)&#13;
	at org.junit.platform.engine.support.hierarchical.NodeTestTask.lambda$executeRecursively$8(NodeTestTask.java:123)&#13;
	at org.junit.platform.engine.support.hierarchical.ThrowableCollector.execute(ThrowableCollector.java:73)&#13;
	at org.junit.platform.engine.support.hierarchical.NodeTestTask.executeRecursively(NodeTestTask.java:122)&#13;
	at org.junit.platform.engine.support.hierarchical.NodeTestTask.execute(NodeTestTask.java:80)&#13;
	at java.base/java.util.ArrayList.forEach(Unknown Source)&#13;
	at org.junit.platform.engine.support.hierarchical.SameThreadHierarchicalTestExecutorService.invokeAll(SameThreadHierarchicalTestExecutorService.java:38)&#13;
	at org.junit.platform.engine.support.hierarchical.NodeTestTask.lambda$executeRecursively$5(NodeTestTask.java:139)&#13;
	at org.junit.platform.engine.support.hierarchical.ThrowableCollector.execute(ThrowableCollector.java:73)&#13;
	at org.junit.platform.engine.support.hierarchical.NodeTestTask.lambda$executeRecursively$7(NodeTestTask.java:125)&#13;
	at org.junit.platform.engine.support.hierarchical.Node.around(Node.java:135)&#13;
	at org.junit.platform.engine.support.hierarchical.NodeTestTask.lambda$executeRecursively$8(NodeTestTask.java:123)&#13;
	at org.junit.platform.engine.support.hierarchical.ThrowableCollector.execute(ThrowableCollector.java:73)&#13;
	at org.junit.platform.engine.support.hierarchical.NodeTestTask.executeRecursively(NodeTestTask.java:122)&#13;
	at org.junit.platform.engine.support.hierarchical.NodeTestTask.execute(NodeTestTask.java:80)&#13;
	at java.base/java.util.ArrayList.forEach(Unknown Source)&#13;
	at org.junit.platform.engine.support.hierarchical.SameThreadHierarchicalTestExecutorService.invokeAll(SameThreadHierarchicalTestExecutorService.java:38)&#13;
	at org.junit.platform.engine.support.hierarchical.NodeTestTask.lambda$executeRecursively$5(NodeTestTask.java:139)&#13;
	at org.junit.platform.engine.support.hierarchical.ThrowableCollector.execute(ThrowableCollector.java:73)&#13;
	at org.junit.platform.engine.support.hierarchical.NodeTestTask.lambda$executeRecursively$7(NodeTestTask.java:125)&#13;
	at org.junit.platform.engine.support.hierarchical.Node.around(Node.java:135)&#13;
	at org.junit.platform.engine.support.hierarchical.NodeTestTask.lambda$executeRecursively$8(NodeTestTask.java:123)&#13;
	at org.junit.platform.engine.support.hierarchical.ThrowableCollector.execute(ThrowableCollector.java:73)&#13;
	at org.junit.platform.engine.support.hierarchical.NodeTestTask.executeRecursively(NodeTestTask.java:122)&#13;
	at org.junit.platform.engine.support.hierarchical.NodeTestTask.execute(NodeTestTask.java:80)&#13;
	at org.junit.platform.engine.support.hierarchical.SameThreadHierarchicalTestExecutorService.submit(SameThreadHierarchicalTestExecutorService.java:32)&#13;
	at org.junit.platform.engine.support.hierarchical.HierarchicalTestExecutor.execute(HierarchicalTestExecutor.java:57)&#13;
	at org.junit.platform.engine.support.hierarchical.HierarchicalTestEngine.execute(HierarchicalTestEngine.java:51)&#13;
	at org.junit.platform.launcher.core.DefaultLauncher.execute(DefaultLauncher.java:229)&#13;
	at org.junit.platform.launcher.core.DefaultLauncher.lambda$execute$6(DefaultLauncher.java:197)&#13;
	at org.junit.platform.launcher.core.DefaultLauncher.withInterceptedStreams(DefaultLauncher.java:211)&#13;
	at org.junit.platform.launcher.core.DefaultLauncher.execute(DefaultLauncher.java:191)&#13;
	at org.junit.platform.launcher.core.DefaultLauncher.execute(DefaultLauncher.java:137)&#13;
	at org.eclipse.jdt.internal.junit5.runner.JUnit5TestReference.run(JUnit5TestReference.java:89)&#13;
	at org.eclipse.jdt.internal.junit.runner.TestExecution.run(TestExecution.java:41)&#13;
	at org.eclipse.jdt.internal.junit.runner.RemoteTestRunner.runTests(RemoteTestRunner.java:541)&#13;
	at org.eclipse.jdt.internal.junit.runner.RemoteTestRunner.runTests(RemoteTestRunner.java:763)&#13;
	at org.eclipse.jdt.internal.junit.runner.RemoteTestRunner.run(RemoteTestRunner.java:463)&#13;
	at org.eclipse.jdt.internal.junit.runner.RemoteTestRunner.main(RemoteTestRunner.java:209)&#13;
&#13;

      </failure>
    </testcase>
    <testcase name="syntax_IV12" classname="Transport4Future.TokenManagement.ExecuteActionTest" time="0.014" displayname="syntax_IV12()" uniqueid="[engine:junit-jupiter]/[class:Transport4Future.TokenManagement.ExecuteActionTest]/[method:syntax_IV12()]"/>
    <testcase name="syntax_IV13" classname="Transport4Future.TokenManagement.ExecuteActionTest" time="0.009" displayname="syntax_IV13()" uniqueid="[engine:junit-jupiter]/[class:Transport4Future.TokenManagement.ExecuteActionTest]/[method:syntax_IV13()]"/>
    <testcase name="syntax_IV14" classname="Transport4Future.TokenManagement.ExecuteActionTest" time="0.014" displayname="syntax_IV14()" uniqueid="[engine:junit-jupiter]/[class:Transport4Future.TokenManagement.ExecuteActionTest]/[method:syntax_IV14()]"/>
    <testcase name="syntax_IV15" classname="Transport4Future.TokenManagement.ExecuteActionTest" time="0.015" displayname="syntax_IV15()" uniqueid="[engine:junit-jupiter]/[class:Transport4Future.TokenManagement.ExecuteActionTest]/[method:syntax_IV15()]"/>
    <testcase name="syntax_IV16" classname="Transport4Future.TokenManagement.ExecuteActionTest" time="0.011" displayname="syntax_IV16()" uniqueid="[engine:junit-jupiter]/[class:Transport4Future.TokenManagement.ExecuteActionTest]/[method:syntax_IV16()]"/>
    <testcase name="syntax_IV17" classname="Transport4Future.TokenManagement.ExecuteActionTest" time="0.01" displayname="syntax_IV17()" uniqueid="[engine:junit-jupiter]/[class:Transport4Future.TokenManagement.ExecuteActionTest]/[method:syntax_IV17()]"/>
    <testcase name="syntax_IV18" classname="Transport4Future.TokenManagement.ExecuteActionTest" time="0.014" displayname="syntax_IV18()" uniqueid="[engine:junit-jupiter]/[class:Transport4Future.TokenManagement.ExecuteActionTest]/[method:syntax_IV18()]"/>
    <testcase name="syntax_IV19" classname="Transport4Future.TokenManagement.ExecuteActionTest" time="0.009" displayname="syntax_IV19()" uniqueid="[engine:junit-jupiter]/[class:Transport4Future.TokenManagement.ExecuteActionTest]/[method:syntax_IV19()]"/>
    <testcase name="syntax_IV20" classname="Transport4Future.TokenManagement.ExecuteActionTest" time="0.01" displayname="syntax_IV20()" uniqueid="[engine:junit-jupiter]/[class:Transport4Future.TokenManagement.ExecuteActionTest]/[method:syntax_IV20()]"/>
    <testcase name="syntax_IV21" classname="Transport4Future.TokenManagement.ExecuteActionTest" time="0.012" displayname="syntax_IV21()" uniqueid="[engine:junit-jupiter]/[class:Transport4Future.TokenManagement.ExecuteActionTest]/[method:syntax_IV21()]"/>
    <testcase name="syntax_IV22" classname="Transport4Future.TokenManagement.ExecuteActionTest" time="0.01" displayname="syntax_IV22()" uniqueid="[engine:junit-jupiter]/[class:Transport4Future.TokenManagement.ExecuteActionTest]/[method:syntax_IV22()]"/>
    <testcase name="syntax_IV23" classname="Transport4Future.TokenManagement.ExecuteActionTest" time="0.009" displayname="syntax_IV23()" uniqueid="[engine:junit-jupiter]/[class:Transport4Future.TokenManagement.ExecuteActionTest]/[method:syntax_IV23()]"/>
    <testcase name="syntax_IV24" classname="Transport4Future.TokenManagement.ExecuteActionTest" time="0.012" displayname="syntax_IV24()" uniqueid="[engine:junit-jupiter]/[class:Transport4Future.TokenManagement.ExecuteActionTest]/[method:syntax_IV24()]"/>
    <testcase name="syntax_IV25" classname="Transport4Future.TokenManagement.ExecuteActionTest" time="0.01" displayname="syntax_IV25()" uniqueid="[engine:junit-jupiter]/[class:Transport4Future.TokenManagement.ExecuteActionTest]/[method:syntax_IV25()]"/>
    <testcase name="syntax_IV26" classname="Transport4Future.TokenManagement.ExecuteActionTest" time="0.008" displayname="syntax_IV26()" uniqueid="[engine:junit-jupiter]/[class:Transport4Future.TokenManagement.ExecuteActionTest]/[method:syntax_IV26()]"/>
    <testcase name="syntax_IV27" classname="Transport4Future.TokenManagement.ExecuteActionTest" time="0.011" displayname="syntax_IV27()" uniqueid="[engine:junit-jupiter]/[class:Transport4Future.TokenManagement.ExecuteActionTest]/[method:syntax_IV27()]"/>
    <testcase name="syntax_IV28" classname="Transport4Future.TokenManagement.ExecuteActionTest" time="0.009" displayname="syntax_IV28()" uniqueid="[engine:junit-jupiter]/[class:Transport4Future.TokenManagement.ExecuteActionTest]/[method:syntax_IV28()]"/>
    <testcase name="syntax_IV29" classname="Transport4Future.TokenManagement.ExecuteActionTest" time="0.011" displayname="syntax_IV29()" uniqueid="[engine:junit-jupiter]/[class:Transport4Future.TokenManagement.ExecuteActionTest]/[method:syntax_IV29()]"/>
    <testcase name="syntax_IV30" classname="Transport4Future.TokenManagement.ExecuteActionTest" time="0.009" displayname="syntax_IV30()" uniqueid="[engine:junit-jupiter]/[class:Transport4Future.TokenManagement.ExecuteActionTest]/[method:syntax_IV30()]"/>
    <testcase name="syntax_IV31" classname="Transport4Future.TokenManagement.ExecuteActionTest" time="0.013" displayname="syntax_IV31()" uniqueid="[engine:junit-jupiter]/[class:Transport4Future.TokenManagement.ExecuteActionTest]/[method:syntax_IV31()]"/>
    <testcase name="syntax_IV32" classname="Transport4Future.TokenManagement.ExecuteActionTest" time="0.014" displayname="syntax_IV32()" uniqueid="[engine:junit-jupiter]/[class:Transport4Future.TokenManagement.ExecuteActionTest]/[method:syntax_IV32()]"/>
    <testcase name="syntax_IV33" classname="Transport4Future.TokenManagement.ExecuteActionTest" time="0.012" displayname="syntax_IV33()" uniqueid="[engine:junit-jupiter]/[class:Transport4Future.TokenManagement.ExecuteActionTest]/[method:syntax_IV33()]"/>
    <testcase name="syntax_IV34" classname="Transport4Future.TokenManagement.ExecuteActionTest" time="0.009" displayname="syntax_IV34()" uniqueid="[engine:junit-jupiter]/[class:Transport4Future.TokenManagement.ExecuteActionTest]/[method:syntax_IV34()]"/>
    <testcase name="syntax_IV35" classname="Transport4Future.TokenManagement.ExecuteActionTest" time="0.01" displayname="syntax_IV35()" uniqueid="[engine:junit-jupiter]/[class:Transport4Future.TokenManagement.ExecuteActionTest]/[method:syntax_IV35()]"/>
    <testcase name="syntax_IV36" classname="Transport4Future.TokenManagement.ExecuteActionTest" time="0.01" displayname="syntax_IV36()" uniqueid="[engine:junit-jupiter]/[class:Transport4Future.TokenManagement.ExecuteActionTest]/[method:syntax_IV36()]"/>
    <testcase name="syntax_IV37" classname="Transport4Future.TokenManagement.ExecuteActionTest" time="0.013" displayname="syntax_IV37()" uniqueid="[engine:junit-jupiter]/[class:Transport4Future.TokenManagement.ExecuteActionTest]/[method:syntax_IV37()]"/>
    <testcase name="syntax_IV38" classname="Transport4Future.TokenManagement.ExecuteActionTest" time="0.013" displayname="syntax_IV38()" uniqueid="[engine:junit-jupiter]/[class:Transport4Future.TokenManagement.ExecuteActionTest]/[method:syntax_IV38()]"/>
    <testcase name="syntax_IV39" classname="Transport4Future.TokenManagement.ExecuteActionTest" time="0.009" displayname="syntax_IV39()" uniqueid="[engine:junit-jupiter]/[class:Transport4Future.TokenManagement.ExecuteActionTest]/[method:syntax_IV39()]"/>
    <testcase name="syntax_IV40" classname="Transport4Future.TokenManagement.ExecuteActionTest" time="0.009" displayname="syntax_IV40()" uniqueid="[engine:junit-jupiter]/[class:Transport4Future.TokenManagement.ExecuteActionTest]/[method:syntax_IV40()]"/>
    <testcase name="syntax_IV41" classname="Transport4Future.TokenManagement.ExecuteActionTest" time="0.007" displayname="syntax_IV41()" uniqueid="[engine:junit-jupiter]/[class:Transport4Future.TokenManagement.ExecuteActionTest]/[method:syntax_IV41()]"/>
    <testcase name="syntax_IV42" classname="Transport4Future.TokenManagement.ExecuteActionTest" time="0.008" displayname="syntax_IV42()" uniqueid="[engine:junit-jupiter]/[class:Transport4Future.TokenManagement.ExecuteActionTest]/[method:syntax_IV42()]"/>
    <testcase name="syntax_IV43" classname="Transport4Future.TokenManagement.ExecuteActionTest" time="0.007" displayname="syntax_IV43()" uniqueid="[engine:junit-jupiter]/[class:Transport4Future.TokenManagement.ExecuteActionTest]/[method:syntax_IV43()]"/>
    <testcase name="syntax_IV44" classname="Transport4Future.TokenManagement.ExecuteActionTest" time="0.008" displayname="syntax_IV44()" uniqueid="[engine:junit-jupiter]/[class:Transport4Future.TokenManagement.ExecuteActionTest]/[method:syntax_IV44()]"/>
    <testcase name="syntax_IV45" classname="Transport4Future.TokenManagement.ExecuteActionTest" time="0.011" displayname="syntax_IV45()" uniqueid="[engine:junit-jupiter]/[class:Transport4Future.TokenManagement.ExecuteActionTest]/[method:syntax_IV45()]"/>
    <testcase name="syntax_IV46" classname="Transport4Future.TokenManagement.ExecuteActionTest" time="0.013" displayname="syntax_IV46()" uniqueid="[engine:junit-jupiter]/[class:Transport4Future.TokenManagement.ExecuteActionTest]/[method:syntax_IV46()]"/>
    <testcase name="syntax_IV47" classname="Transport4Future.TokenManagement.ExecuteActionTest" time="0.012" displayname="syntax_IV47()" uniqueid="[engine:junit-jupiter]/[class:Transport4Future.TokenManagement.ExecuteActionTest]/[method:syntax_IV47()]"/>
    <testcase name="syntax_IV48" classname="Transport4Future.TokenManagement.ExecuteActionTest" time="0.01" displayname="syntax_IV48()" uniqueid="[engine:junit-jupiter]/[class:Transport4Future.TokenManagement.ExecuteActionTest]/[method:syntax_IV48()]"/>
    <testcase name="syntax_IV49" classname="Transport4Future.TokenManagement.ExecuteActionTest" time="0.008" displayname="syntax_IV49()" uniqueid="[engine:junit-jupiter]/[class:Transport4Future.TokenManagement.ExecuteActionTest]/[method:syntax_IV49()]"/>
    <testcase name="syntax_IV50" classname="Transport4Future.TokenManagement.ExecuteActionTest" time="0.007" displayname="syntax_IV50()" uniqueid="[engine:junit-jupiter]/[class:Transport4Future.TokenManagement.ExecuteActionTest]/[method:syntax_IV50()]"/>
    <testcase name="syntax_IV51" classname="Transport4Future.TokenManagement.ExecuteActionTest" time="0.008" displayname="syntax_IV51()" uniqueid="[engine:junit-jupiter]/[class:Transport4Future.TokenManagement.ExecuteActionTest]/[method:syntax_IV51()]"/>
    <testcase name="syntax_IV52" classname="Transport4Future.TokenManagement.ExecuteActionTest" time="0.003" displayname="syntax_IV52()" uniqueid="[engine:junit-jupiter]/[class:Transport4Future.TokenManagement.ExecuteActionTest]/[method:syntax_IV52()]">
      <failure>
        <expected>Error: invalid type of operation.</expected>
        <actual>The token received does not exist or is not valid.</actual>
        org.opentest4j.AssertionFailedError: expected: &lt;Error: invalid type of operation.&gt; but was: &lt;The token received does not exist or is not valid.&gt;&#13;
	at org.junit.jupiter.api.AssertionUtils.fail(AssertionUtils.java:55)&#13;
	at org.junit.jupiter.api.AssertionUtils.failNotEqual(AssertionUtils.java:62)&#13;
	at org.junit.jupiter.api.AssertEquals.assertEquals(AssertEquals.java:182)&#13;
	at org.junit.jupiter.api.AssertEquals.assertEquals(AssertEquals.java:177)&#13;
	at org.junit.jupiter.api.Assertions.assertEquals(Assertions.java:1124)&#13;
	at Transport4Future.TokenManagement.ExecuteActionTest.syntax_IV52(ExecuteActionTest.java:1154)&#13;
	at java.base/jdk.internal.reflect.NativeMethodAccessorImpl.invoke0(Native Method)&#13;
	at java.base/jdk.internal.reflect.NativeMethodAccessorImpl.invoke(Unknown Source)&#13;
	at java.base/jdk.internal.reflect.DelegatingMethodAccessorImpl.invoke(Unknown Source)&#13;
	at java.base/java.lang.reflect.Method.invoke(Unknown Source)&#13;
	at org.junit.platform.commons.util.ReflectionUtils.invokeMethod(ReflectionUtils.java:686)&#13;
	at org.junit.jupiter.engine.execution.MethodInvocation.proceed(MethodInvocation.java:60)&#13;
	at org.junit.jupiter.engine.execution.InvocationInterceptorChain$ValidatingInvocation.proceed(InvocationInterceptorChain.java:131)&#13;
	at org.junit.jupiter.engine.extension.TimeoutExtension.intercept(TimeoutExtension.java:149)&#13;
	at org.junit.jupiter.engine.extension.TimeoutExtension.interceptTestableMethod(TimeoutExtension.java:140)&#13;
	at org.junit.jupiter.engine.extension.TimeoutExtension.interceptTestMethod(TimeoutExtension.java:84)&#13;
	at org.junit.jupiter.engine.execution.ExecutableInvoker$ReflectiveInterceptorCall.lambda$ofVoidMethod$0(ExecutableInvoker.java:115)&#13;
	at org.junit.jupiter.engine.execution.ExecutableInvoker.lambda$invoke$0(ExecutableInvoker.java:105)&#13;
	at org.junit.jupiter.engine.execution.InvocationInterceptorChain$InterceptedInvocation.proceed(InvocationInterceptorChain.java:106)&#13;
	at org.junit.jupiter.engine.execution.InvocationInterceptorChain.proceed(InvocationInterceptorChain.java:64)&#13;
	at org.junit.jupiter.engine.execution.InvocationInterceptorChain.chainAndInvoke(InvocationInterceptorChain.java:45)&#13;
	at org.junit.jupiter.engine.execution.InvocationInterceptorChain.invoke(InvocationInterceptorChain.java:37)&#13;
	at org.junit.jupiter.engine.execution.ExecutableInvoker.invoke(ExecutableInvoker.java:104)&#13;
	at org.junit.jupiter.engine.execution.ExecutableInvoker.invoke(ExecutableInvoker.java:98)&#13;
	at org.junit.jupiter.engine.descriptor.TestMethodTestDescriptor.lambda$invokeTestMethod$6(TestMethodTestDescriptor.java:205)&#13;
	at org.junit.platform.engine.support.hierarchical.ThrowableCollector.execute(ThrowableCollector.java:73)&#13;
	at org.junit.jupiter.engine.descriptor.TestMethodTestDescriptor.invokeTestMethod(TestMethodTestDescriptor.java:201)&#13;
	at org.junit.jupiter.engine.descriptor.TestMethodTestDescriptor.execute(TestMethodTestDescriptor.java:137)&#13;
	at org.junit.jupiter.engine.descriptor.TestMethodTestDescriptor.execute(TestMethodTestDescriptor.java:71)&#13;
	at org.junit.platform.engine.support.hierarchical.NodeTestTask.lambda$executeRecursively$5(NodeTestTask.java:135)&#13;
	at org.junit.platform.engine.support.hierarchical.ThrowableCollector.execute(ThrowableCollector.java:73)&#13;
	at org.junit.platform.engine.support.hierarchical.NodeTestTask.lambda$executeRecursively$7(NodeTestTask.java:125)&#13;
	at org.junit.platform.engine.support.hierarchical.Node.around(Node.java:135)&#13;
	at org.junit.platform.engine.support.hierarchical.NodeTestTask.lambda$executeRecursively$8(NodeTestTask.java:123)&#13;
	at org.junit.platform.engine.support.hierarchical.ThrowableCollector.execute(ThrowableCollector.java:73)&#13;
	at org.junit.platform.engine.support.hierarchical.NodeTestTask.executeRecursively(NodeTestTask.java:122)&#13;
	at org.junit.platform.engine.support.hierarchical.NodeTestTask.execute(NodeTestTask.java:80)&#13;
	at java.base/java.util.ArrayList.forEach(Unknown Source)&#13;
	at org.junit.platform.engine.support.hierarchical.SameThreadHierarchicalTestExecutorService.invokeAll(SameThreadHierarchicalTestExecutorService.java:38)&#13;
	at org.junit.platform.engine.support.hierarchical.NodeTestTask.lambda$executeRecursively$5(NodeTestTask.java:139)&#13;
	at org.junit.platform.engine.support.hierarchical.ThrowableCollector.execute(ThrowableCollector.java:73)&#13;
	at org.junit.platform.engine.support.hierarchical.NodeTestTask.lambda$executeRecursively$7(NodeTestTask.java:125)&#13;
	at org.junit.platform.engine.support.hierarchical.Node.around(Node.java:135)&#13;
	at org.junit.platform.engine.support.hierarchical.NodeTestTask.lambda$executeRecursively$8(NodeTestTask.java:123)&#13;
	at org.junit.platform.engine.support.hierarchical.ThrowableCollector.execute(ThrowableCollector.java:73)&#13;
	at org.junit.platform.engine.support.hierarchical.NodeTestTask.executeRecursively(NodeTestTask.java:122)&#13;
	at org.junit.platform.engine.support.hierarchical.NodeTestTask.execute(NodeTestTask.java:80)&#13;
	at java.base/java.util.ArrayList.forEach(Unknown Source)&#13;
	at org.junit.platform.engine.support.hierarchical.SameThreadHierarchicalTestExecutorService.invokeAll(SameThreadHierarchicalTestExecutorService.java:38)&#13;
	at org.junit.platform.engine.support.hierarchical.NodeTestTask.lambda$executeRecursively$5(NodeTestTask.java:139)&#13;
	at org.junit.platform.engine.support.hierarchical.ThrowableCollector.execute(ThrowableCollector.java:73)&#13;
	at org.junit.platform.engine.support.hierarchical.NodeTestTask.lambda$executeRecursively$7(NodeTestTask.java:125)&#13;
	at org.junit.platform.engine.support.hierarchical.Node.around(Node.java:135)&#13;
	at org.junit.platform.engine.support.hierarchical.NodeTestTask.lambda$executeRecursively$8(NodeTestTask.java:123)&#13;
	at org.junit.platform.engine.support.hierarchical.ThrowableCollector.execute(ThrowableCollector.java:73)&#13;
	at org.junit.platform.engine.support.hierarchical.NodeTestTask.executeRecursively(NodeTestTask.java:122)&#13;
	at org.junit.platform.engine.support.hierarchical.NodeTestTask.execute(NodeTestTask.java:80)&#13;
	at org.junit.platform.engine.support.hierarchical.SameThreadHierarchicalTestExecutorService.submit(SameThreadHierarchicalTestExecutorService.java:32)&#13;
	at org.junit.platform.engine.support.hierarchical.HierarchicalTestExecutor.execute(HierarchicalTestExecutor.java:57)&#13;
	at org.junit.platform.engine.support.hierarchical.HierarchicalTestEngine.execute(HierarchicalTestEngine.java:51)&#13;
	at org.junit.platform.launcher.core.DefaultLauncher.execute(DefaultLauncher.java:229)&#13;
	at org.junit.platform.launcher.core.DefaultLauncher.lambda$execute$6(DefaultLauncher.java:197)&#13;
	at org.junit.platform.launcher.core.DefaultLauncher.withInterceptedStreams(DefaultLauncher.java:211)&#13;
	at org.junit.platform.launcher.core.DefaultLauncher.execute(DefaultLauncher.java:191)&#13;
	at org.junit.platform.launcher.core.DefaultLauncher.execute(DefaultLauncher.java:137)&#13;
	at org.eclipse.jdt.internal.junit5.runner.JUnit5TestReference.run(JUnit5TestReference.java:89)&#13;
	at org.eclipse.jdt.internal.junit.runner.TestExecution.run(TestExecution.java:41)&#13;
	at org.eclipse.jdt.internal.junit.runner.RemoteTestRunner.runTests(RemoteTestRunner.java:541)&#13;
	at org.eclipse.jdt.internal.junit.runner.RemoteTestRunner.runTests(RemoteTestRunner.java:763)&#13;
	at org.eclipse.jdt.internal.junit.runner.RemoteTestRunner.run(RemoteTestRunner.java:463)&#13;
	at org.eclipse.jdt.internal.junit.runner.RemoteTestRunner.main(RemoteTestRunner.java:209)&#13;
&#13;

      </failure>
    </testcase>
    <testcase name="syntax_IV53" classname="Transport4Future.TokenManagement.ExecuteActionTest" time="0.003" displayname="syntax_IV53()" uniqueid="[engine:junit-jupiter]/[class:Transport4Future.TokenManagement.ExecuteActionTest]/[method:syntax_IV53()]">
      <failure>
        <expected>Error: invalid type of operation.</expected>
        <actual>The token received does not exist or is not valid.</actual>
        org.opentest4j.AssertionFailedError: expected: &lt;Error: invalid type of operation.&gt; but was: &lt;The token received does not exist or is not valid.&gt;&#13;
	at org.junit.jupiter.api.AssertionUtils.fail(AssertionUtils.java:55)&#13;
	at org.junit.jupiter.api.AssertionUtils.failNotEqual(AssertionUtils.java:62)&#13;
	at org.junit.jupiter.api.AssertEquals.assertEquals(AssertEquals.java:182)&#13;
	at org.junit.jupiter.api.AssertEquals.assertEquals(AssertEquals.java:177)&#13;
	at org.junit.jupiter.api.Assertions.assertEquals(Assertions.java:1124)&#13;
	at Transport4Future.TokenManagement.ExecuteActionTest.syntax_IV53(ExecuteActionTest.java:1170)&#13;
	at java.base/jdk.internal.reflect.NativeMethodAccessorImpl.invoke0(Native Method)&#13;
	at java.base/jdk.internal.reflect.NativeMethodAccessorImpl.invoke(Unknown Source)&#13;
	at java.base/jdk.internal.reflect.DelegatingMethodAccessorImpl.invoke(Unknown Source)&#13;
	at java.base/java.lang.reflect.Method.invoke(Unknown Source)&#13;
	at org.junit.platform.commons.util.ReflectionUtils.invokeMethod(ReflectionUtils.java:686)&#13;
	at org.junit.jupiter.engine.execution.MethodInvocation.proceed(MethodInvocation.java:60)&#13;
	at org.junit.jupiter.engine.execution.InvocationInterceptorChain$ValidatingInvocation.proceed(InvocationInterceptorChain.java:131)&#13;
	at org.junit.jupiter.engine.extension.TimeoutExtension.intercept(TimeoutExtension.java:149)&#13;
	at org.junit.jupiter.engine.extension.TimeoutExtension.interceptTestableMethod(TimeoutExtension.java:140)&#13;
	at org.junit.jupiter.engine.extension.TimeoutExtension.interceptTestMethod(TimeoutExtension.java:84)&#13;
	at org.junit.jupiter.engine.execution.ExecutableInvoker$ReflectiveInterceptorCall.lambda$ofVoidMethod$0(ExecutableInvoker.java:115)&#13;
	at org.junit.jupiter.engine.execution.ExecutableInvoker.lambda$invoke$0(ExecutableInvoker.java:105)&#13;
	at org.junit.jupiter.engine.execution.InvocationInterceptorChain$InterceptedInvocation.proceed(InvocationInterceptorChain.java:106)&#13;
	at org.junit.jupiter.engine.execution.InvocationInterceptorChain.proceed(InvocationInterceptorChain.java:64)&#13;
	at org.junit.jupiter.engine.execution.InvocationInterceptorChain.chainAndInvoke(InvocationInterceptorChain.java:45)&#13;
	at org.junit.jupiter.engine.execution.InvocationInterceptorChain.invoke(InvocationInterceptorChain.java:37)&#13;
	at org.junit.jupiter.engine.execution.ExecutableInvoker.invoke(ExecutableInvoker.java:104)&#13;
	at org.junit.jupiter.engine.execution.ExecutableInvoker.invoke(ExecutableInvoker.java:98)&#13;
	at org.junit.jupiter.engine.descriptor.TestMethodTestDescriptor.lambda$invokeTestMethod$6(TestMethodTestDescriptor.java:205)&#13;
	at org.junit.platform.engine.support.hierarchical.ThrowableCollector.execute(ThrowableCollector.java:73)&#13;
	at org.junit.jupiter.engine.descriptor.TestMethodTestDescriptor.invokeTestMethod(TestMethodTestDescriptor.java:201)&#13;
	at org.junit.jupiter.engine.descriptor.TestMethodTestDescriptor.execute(TestMethodTestDescriptor.java:137)&#13;
	at org.junit.jupiter.engine.descriptor.TestMethodTestDescriptor.execute(TestMethodTestDescriptor.java:71)&#13;
	at org.junit.platform.engine.support.hierarchical.NodeTestTask.lambda$executeRecursively$5(NodeTestTask.java:135)&#13;
	at org.junit.platform.engine.support.hierarchical.ThrowableCollector.execute(ThrowableCollector.java:73)&#13;
	at org.junit.platform.engine.support.hierarchical.NodeTestTask.lambda$executeRecursively$7(NodeTestTask.java:125)&#13;
	at org.junit.platform.engine.support.hierarchical.Node.around(Node.java:135)&#13;
	at org.junit.platform.engine.support.hierarchical.NodeTestTask.lambda$executeRecursively$8(NodeTestTask.java:123)&#13;
	at org.junit.platform.engine.support.hierarchical.ThrowableCollector.execute(ThrowableCollector.java:73)&#13;
	at org.junit.platform.engine.support.hierarchical.NodeTestTask.executeRecursively(NodeTestTask.java:122)&#13;
	at org.junit.platform.engine.support.hierarchical.NodeTestTask.execute(NodeTestTask.java:80)&#13;
	at java.base/java.util.ArrayList.forEach(Unknown Source)&#13;
	at org.junit.platform.engine.support.hierarchical.SameThreadHierarchicalTestExecutorService.invokeAll(SameThreadHierarchicalTestExecutorService.java:38)&#13;
	at org.junit.platform.engine.support.hierarchical.NodeTestTask.lambda$executeRecursively$5(NodeTestTask.java:139)&#13;
	at org.junit.platform.engine.support.hierarchical.ThrowableCollector.execute(ThrowableCollector.java:73)&#13;
	at org.junit.platform.engine.support.hierarchical.NodeTestTask.lambda$executeRecursively$7(NodeTestTask.java:125)&#13;
	at org.junit.platform.engine.support.hierarchical.Node.around(Node.java:135)&#13;
	at org.junit.platform.engine.support.hierarchical.NodeTestTask.lambda$executeRecursively$8(NodeTestTask.java:123)&#13;
	at org.junit.platform.engine.support.hierarchical.ThrowableCollector.execute(ThrowableCollector.java:73)&#13;
	at org.junit.platform.engine.support.hierarchical.NodeTestTask.executeRecursively(NodeTestTask.java:122)&#13;
	at org.junit.platform.engine.support.hierarchical.NodeTestTask.execute(NodeTestTask.java:80)&#13;
	at java.base/java.util.ArrayList.forEach(Unknown Source)&#13;
	at org.junit.platform.engine.support.hierarchical.SameThreadHierarchicalTestExecutorService.invokeAll(SameThreadHierarchicalTestExecutorService.java:38)&#13;
	at org.junit.platform.engine.support.hierarchical.NodeTestTask.lambda$executeRecursively$5(NodeTestTask.java:139)&#13;
	at org.junit.platform.engine.support.hierarchical.ThrowableCollector.execute(ThrowableCollector.java:73)&#13;
	at org.junit.platform.engine.support.hierarchical.NodeTestTask.lambda$executeRecursively$7(NodeTestTask.java:125)&#13;
	at org.junit.platform.engine.support.hierarchical.Node.around(Node.java:135)&#13;
	at org.junit.platform.engine.support.hierarchical.NodeTestTask.lambda$executeRecursively$8(NodeTestTask.java:123)&#13;
	at org.junit.platform.engine.support.hierarchical.ThrowableCollector.execute(ThrowableCollector.java:73)&#13;
	at org.junit.platform.engine.support.hierarchical.NodeTestTask.executeRecursively(NodeTestTask.java:122)&#13;
	at org.junit.platform.engine.support.hierarchical.NodeTestTask.execute(NodeTestTask.java:80)&#13;
	at org.junit.platform.engine.support.hierarchical.SameThreadHierarchicalTestExecutorService.submit(SameThreadHierarchicalTestExecutorService.java:32)&#13;
	at org.junit.platform.engine.support.hierarchical.HierarchicalTestExecutor.execute(HierarchicalTestExecutor.java:57)&#13;
	at org.junit.platform.engine.support.hierarchical.HierarchicalTestEngine.execute(HierarchicalTestEngine.java:51)&#13;
	at org.junit.platform.launcher.core.DefaultLauncher.execute(DefaultLauncher.java:229)&#13;
	at org.junit.platform.launcher.core.DefaultLauncher.lambda$execute$6(DefaultLauncher.java:197)&#13;
	at org.junit.platform.launcher.core.DefaultLauncher.withInterceptedStreams(DefaultLauncher.java:211)&#13;
	at org.junit.platform.launcher.core.DefaultLauncher.execute(DefaultLauncher.java:191)&#13;
	at org.junit.platform.launcher.core.DefaultLauncher.execute(DefaultLauncher.java:137)&#13;
	at org.eclipse.jdt.internal.junit5.runner.JUnit5TestReference.run(JUnit5TestReference.java:89)&#13;
	at org.eclipse.jdt.internal.junit.runner.TestExecution.run(TestExecution.java:41)&#13;
	at org.eclipse.jdt.internal.junit.runner.RemoteTestRunner.runTests(RemoteTestRunner.java:541)&#13;
	at org.eclipse.jdt.internal.junit.runner.RemoteTestRunner.runTests(RemoteTestRunner.java:763)&#13;
	at org.eclipse.jdt.internal.junit.runner.RemoteTestRunner.run(RemoteTestRunner.java:463)&#13;
	at org.eclipse.jdt.internal.junit.runner.RemoteTestRunner.main(RemoteTestRunner.java:209)&#13;
&#13;

      </failure>
    </testcase>
    <testcase name="syntax_IV54" classname="Transport4Future.TokenManagement.ExecuteActionTest" time="0.012" displayname="syntax_IV54()" uniqueid="[engine:junit-jupiter]/[class:Transport4Future.TokenManagement.ExecuteActionTest]/[method:syntax_IV54()]"/>
    <testcase name="syntax_IV55" classname="Transport4Future.TokenManagement.ExecuteActionTest" time="0.015" displayname="syntax_IV55()" uniqueid="[engine:junit-jupiter]/[class:Transport4Future.TokenManagement.ExecuteActionTest]/[method:syntax_IV55()]"/>
    <testcase name="syntax_IV56" classname="Transport4Future.TokenManagement.ExecuteActionTest" time="0.01" displayname="syntax_IV56()" uniqueid="[engine:junit-jupiter]/[class:Transport4Future.TokenManagement.ExecuteActionTest]/[method:syntax_IV56()]"/>
    <testcase name="syntax_IV57" classname="Transport4Future.TokenManagement.ExecuteActionTest" time="0.009" displayname="syntax_IV57()" uniqueid="[engine:junit-jupiter]/[class:Transport4Future.TokenManagement.ExecuteActionTest]/[method:syntax_IV57()]"/>
    <testcase name="syntax_IV58" classname="Transport4Future.TokenManagement.ExecuteActionTest" time="0.008" displayname="syntax_IV58()" uniqueid="[engine:junit-jupiter]/[class:Transport4Future.TokenManagement.ExecuteActionTest]/[method:syntax_IV58()]"/>
    <testcase name="syntax_IV59" classname="Transport4Future.TokenManagement.ExecuteActionTest" time="0.011" displayname="syntax_IV59()" uniqueid="[engine:junit-jupiter]/[class:Transport4Future.TokenManagement.ExecuteActionTest]/[method:syntax_IV59()]"/>
    <testcase name="syntax_IV60" classname="Transport4Future.TokenManagement.ExecuteActionTest" time="0.007" displayname="syntax_IV60()" uniqueid="[engine:junit-jupiter]/[class:Transport4Future.TokenManagement.ExecuteActionTest]/[method:syntax_IV60()]"/>
    <testcase name="syntax_IV61" classname="Transport4Future.TokenManagement.ExecuteActionTest" time="0.011" displayname="syntax_IV61()" uniqueid="[engine:junit-jupiter]/[class:Transport4Future.TokenManagement.ExecuteActionTest]/[method:syntax_IV61()]"/>
    <testcase name="syntax_IV62" classname="Transport4Future.TokenManagement.ExecuteActionTest" time="0.008" displayname="syntax_IV62()" uniqueid="[engine:junit-jupiter]/[class:Transport4Future.TokenManagement.ExecuteActionTest]/[method:syntax_IV62()]"/>
    <testcase name="syntax_IV63" classname="Transport4Future.TokenManagement.ExecuteActionTest" time="0.016" displayname="syntax_IV63()" uniqueid="[engine:junit-jupiter]/[class:Transport4Future.TokenManagement.ExecuteActionTest]/[method:syntax_IV63()]"/>
    <testcase name="syntax_IV64" classname="Transport4Future.TokenManagement.ExecuteActionTest" time="0.008" displayname="syntax_IV64()" uniqueid="[engine:junit-jupiter]/[class:Transport4Future.TokenManagement.ExecuteActionTest]/[method:syntax_IV64()]"/>
    <testcase name="syntax_IV65" classname="Transport4Future.TokenManagement.ExecuteActionTest" time="0.007" displayname="syntax_IV65()" uniqueid="[engine:junit-jupiter]/[class:Transport4Future.TokenManagement.ExecuteActionTest]/[method:syntax_IV65()]"/>
    <testcase name="syntax_IV66" classname="Transport4Future.TokenManagement.ExecuteActionTest" time="0.003" displayname="syntax_IV66()" uniqueid="[engine:junit-jupiter]/[class:Transport4Future.TokenManagement.ExecuteActionTest]/[method:syntax_IV66()]">
      <failure>
        <expected>Error: invalid type of operation.</expected>
        <actual>The token received does not exist or is not valid.</actual>
        org.opentest4j.AssertionFailedError: expected: &lt;Error: invalid type of operation.&gt; but was: &lt;The token received does not exist or is not valid.&gt;&#13;
	at org.junit.jupiter.api.AssertionUtils.fail(AssertionUtils.java:55)&#13;
	at org.junit.jupiter.api.AssertionUtils.failNotEqual(AssertionUtils.java:62)&#13;
	at org.junit.jupiter.api.AssertEquals.assertEquals(AssertEquals.java:182)&#13;
	at org.junit.jupiter.api.AssertEquals.assertEquals(AssertEquals.java:177)&#13;
	at org.junit.jupiter.api.Assertions.assertEquals(Assertions.java:1124)&#13;
	at Transport4Future.TokenManagement.ExecuteActionTest.syntax_IV66(ExecuteActionTest.java:1378)&#13;
	at java.base/jdk.internal.reflect.NativeMethodAccessorImpl.invoke0(Native Method)&#13;
	at java.base/jdk.internal.reflect.NativeMethodAccessorImpl.invoke(Unknown Source)&#13;
	at java.base/jdk.internal.reflect.DelegatingMethodAccessorImpl.invoke(Unknown Source)&#13;
	at java.base/java.lang.reflect.Method.invoke(Unknown Source)&#13;
	at org.junit.platform.commons.util.ReflectionUtils.invokeMethod(ReflectionUtils.java:686)&#13;
	at org.junit.jupiter.engine.execution.MethodInvocation.proceed(MethodInvocation.java:60)&#13;
	at org.junit.jupiter.engine.execution.InvocationInterceptorChain$ValidatingInvocation.proceed(InvocationInterceptorChain.java:131)&#13;
	at org.junit.jupiter.engine.extension.TimeoutExtension.intercept(TimeoutExtension.java:149)&#13;
	at org.junit.jupiter.engine.extension.TimeoutExtension.interceptTestableMethod(TimeoutExtension.java:140)&#13;
	at org.junit.jupiter.engine.extension.TimeoutExtension.interceptTestMethod(TimeoutExtension.java:84)&#13;
	at org.junit.jupiter.engine.execution.ExecutableInvoker$ReflectiveInterceptorCall.lambda$ofVoidMethod$0(ExecutableInvoker.java:115)&#13;
	at org.junit.jupiter.engine.execution.ExecutableInvoker.lambda$invoke$0(ExecutableInvoker.java:105)&#13;
	at org.junit.jupiter.engine.execution.InvocationInterceptorChain$InterceptedInvocation.proceed(InvocationInterceptorChain.java:106)&#13;
	at org.junit.jupiter.engine.execution.InvocationInterceptorChain.proceed(InvocationInterceptorChain.java:64)&#13;
	at org.junit.jupiter.engine.execution.InvocationInterceptorChain.chainAndInvoke(InvocationInterceptorChain.java:45)&#13;
	at org.junit.jupiter.engine.execution.InvocationInterceptorChain.invoke(InvocationInterceptorChain.java:37)&#13;
	at org.junit.jupiter.engine.execution.ExecutableInvoker.invoke(ExecutableInvoker.java:104)&#13;
	at org.junit.jupiter.engine.execution.ExecutableInvoker.invoke(ExecutableInvoker.java:98)&#13;
	at org.junit.jupiter.engine.descriptor.TestMethodTestDescriptor.lambda$invokeTestMethod$6(TestMethodTestDescriptor.java:205)&#13;
	at org.junit.platform.engine.support.hierarchical.ThrowableCollector.execute(ThrowableCollector.java:73)&#13;
	at org.junit.jupiter.engine.descriptor.TestMethodTestDescriptor.invokeTestMethod(TestMethodTestDescriptor.java:201)&#13;
	at org.junit.jupiter.engine.descriptor.TestMethodTestDescriptor.execute(TestMethodTestDescriptor.java:137)&#13;
	at org.junit.jupiter.engine.descriptor.TestMethodTestDescriptor.execute(TestMethodTestDescriptor.java:71)&#13;
	at org.junit.platform.engine.support.hierarchical.NodeTestTask.lambda$executeRecursively$5(NodeTestTask.java:135)&#13;
	at org.junit.platform.engine.support.hierarchical.ThrowableCollector.execute(ThrowableCollector.java:73)&#13;
	at org.junit.platform.engine.support.hierarchical.NodeTestTask.lambda$executeRecursively$7(NodeTestTask.java:125)&#13;
	at org.junit.platform.engine.support.hierarchical.Node.around(Node.java:135)&#13;
	at org.junit.platform.engine.support.hierarchical.NodeTestTask.lambda$executeRecursively$8(NodeTestTask.java:123)&#13;
	at org.junit.platform.engine.support.hierarchical.ThrowableCollector.execute(ThrowableCollector.java:73)&#13;
	at org.junit.platform.engine.support.hierarchical.NodeTestTask.executeRecursively(NodeTestTask.java:122)&#13;
	at org.junit.platform.engine.support.hierarchical.NodeTestTask.execute(NodeTestTask.java:80)&#13;
	at java.base/java.util.ArrayList.forEach(Unknown Source)&#13;
	at org.junit.platform.engine.support.hierarchical.SameThreadHierarchicalTestExecutorService.invokeAll(SameThreadHierarchicalTestExecutorService.java:38)&#13;
	at org.junit.platform.engine.support.hierarchical.NodeTestTask.lambda$executeRecursively$5(NodeTestTask.java:139)&#13;
	at org.junit.platform.engine.support.hierarchical.ThrowableCollector.execute(ThrowableCollector.java:73)&#13;
	at org.junit.platform.engine.support.hierarchical.NodeTestTask.lambda$executeRecursively$7(NodeTestTask.java:125)&#13;
	at org.junit.platform.engine.support.hierarchical.Node.around(Node.java:135)&#13;
	at org.junit.platform.engine.support.hierarchical.NodeTestTask.lambda$executeRecursively$8(NodeTestTask.java:123)&#13;
	at org.junit.platform.engine.support.hierarchical.ThrowableCollector.execute(ThrowableCollector.java:73)&#13;
	at org.junit.platform.engine.support.hierarchical.NodeTestTask.executeRecursively(NodeTestTask.java:122)&#13;
	at org.junit.platform.engine.support.hierarchical.NodeTestTask.execute(NodeTestTask.java:80)&#13;
	at java.base/java.util.ArrayList.forEach(Unknown Source)&#13;
	at org.junit.platform.engine.support.hierarchical.SameThreadHierarchicalTestExecutorService.invokeAll(SameThreadHierarchicalTestExecutorService.java:38)&#13;
	at org.junit.platform.engine.support.hierarchical.NodeTestTask.lambda$executeRecursively$5(NodeTestTask.java:139)&#13;
	at org.junit.platform.engine.support.hierarchical.ThrowableCollector.execute(ThrowableCollector.java:73)&#13;
	at org.junit.platform.engine.support.hierarchical.NodeTestTask.lambda$executeRecursively$7(NodeTestTask.java:125)&#13;
	at org.junit.platform.engine.support.hierarchical.Node.around(Node.java:135)&#13;
	at org.junit.platform.engine.support.hierarchical.NodeTestTask.lambda$executeRecursively$8(NodeTestTask.java:123)&#13;
	at org.junit.platform.engine.support.hierarchical.ThrowableCollector.execute(ThrowableCollector.java:73)&#13;
	at org.junit.platform.engine.support.hierarchical.NodeTestTask.executeRecursively(NodeTestTask.java:122)&#13;
	at org.junit.platform.engine.support.hierarchical.NodeTestTask.execute(NodeTestTask.java:80)&#13;
	at org.junit.platform.engine.support.hierarchical.SameThreadHierarchicalTestExecutorService.submit(SameThreadHierarchicalTestExecutorService.java:32)&#13;
	at org.junit.platform.engine.support.hierarchical.HierarchicalTestExecutor.execute(HierarchicalTestExecutor.java:57)&#13;
	at org.junit.platform.engine.support.hierarchical.HierarchicalTestEngine.execute(HierarchicalTestEngine.java:51)&#13;
	at org.junit.platform.launcher.core.DefaultLauncher.execute(DefaultLauncher.java:229)&#13;
	at org.junit.platform.launcher.core.DefaultLauncher.lambda$execute$6(DefaultLauncher.java:197)&#13;
	at org.junit.platform.launcher.core.DefaultLauncher.withInterceptedStreams(DefaultLauncher.java:211)&#13;
	at org.junit.platform.launcher.core.DefaultLauncher.execute(DefaultLauncher.java:191)&#13;
	at org.junit.platform.launcher.core.DefaultLauncher.execute(DefaultLauncher.java:137)&#13;
	at org.eclipse.jdt.internal.junit5.runner.JUnit5TestReference.run(JUnit5TestReference.java:89)&#13;
	at org.eclipse.jdt.internal.junit.runner.TestExecution.run(TestExecution.java:41)&#13;
	at org.eclipse.jdt.internal.junit.runner.RemoteTestRunner.runTests(RemoteTestRunner.java:541)&#13;
	at org.eclipse.jdt.internal.junit.runner.RemoteTestRunner.runTests(RemoteTestRunner.java:763)&#13;
	at org.eclipse.jdt.internal.junit.runner.RemoteTestRunner.run(RemoteTestRunner.java:463)&#13;
	at org.eclipse.jdt.internal.junit.runner.RemoteTestRunner.main(RemoteTestRunner.java:209)&#13;
&#13;

      </failure>
    </testcase>
    <testcase name="syntax_IV67" classname="Transport4Future.TokenManagement.ExecuteActionTest" time="0.008" displayname="syntax_IV67()" uniqueid="[engine:junit-jupiter]/[class:Transport4Future.TokenManagement.ExecuteActionTest]/[method:syntax_IV67()]"/>
    <testcase name="ec_IVF01" classname="Transport4Future.TokenManagement.ExecuteActionTest" time="0.007" displayname="ec_IVF01()" uniqueid="[engine:junit-jupiter]/[class:Transport4Future.TokenManagement.ExecuteActionTest]/[method:ec_IVF01()]"/>
    <testcase name="ec_IVF02" classname="Transport4Future.TokenManagement.ExecuteActionTest" time="0.008" displayname="ec_IVF02()" uniqueid="[engine:junit-jupiter]/[class:Transport4Future.TokenManagement.ExecuteActionTest]/[method:ec_IVF02()]"/>
    <testcase name="ec_IVF03" classname="Transport4Future.TokenManagement.ExecuteActionTest" time="0.008" displayname="ec_IVF03()" uniqueid="[engine:junit-jupiter]/[class:Transport4Future.TokenManagement.ExecuteActionTest]/[method:ec_IVF03()]"/>
    <testcase name="syntax_V01" classname="Transport4Future.TokenManagement.ExecuteActionTest" time="0.004" displayname="syntax_V01()" uniqueid="[engine:junit-jupiter]/[class:Transport4Future.TokenManagement.ExecuteActionTest]/[method:syntax_V01()]">
      <error>Transport4Future.TokenManagement.Exceptions.TokenManagementException: The token received does not exist or is not valid.&#13;
	at Transport4Future.TokenManagement.TokenManager.executeAction(TokenManager.java:120)&#13;
	at Transport4Future.TokenManagement.ExecuteActionTest.syntax_V01(ExecuteActionTest.java:320)&#13;
	at java.base/jdk.internal.reflect.NativeMethodAccessorImpl.invoke0(Native Method)&#13;
	at java.base/jdk.internal.reflect.NativeMethodAccessorImpl.invoke(Unknown Source)&#13;
	at java.base/jdk.internal.reflect.DelegatingMethodAccessorImpl.invoke(Unknown Source)&#13;
	at java.base/java.lang.reflect.Method.invoke(Unknown Source)&#13;
	at org.junit.platform.commons.util.ReflectionUtils.invokeMethod(ReflectionUtils.java:686)&#13;
	at org.junit.jupiter.engine.execution.MethodInvocation.proceed(MethodInvocation.java:60)&#13;
	at org.junit.jupiter.engine.execution.InvocationInterceptorChain$ValidatingInvocation.proceed(InvocationInterceptorChain.java:131)&#13;
	at org.junit.jupiter.engine.extension.TimeoutExtension.intercept(TimeoutExtension.java:149)&#13;
	at org.junit.jupiter.engine.extension.TimeoutExtension.interceptTestableMethod(TimeoutExtension.java:140)&#13;
	at org.junit.jupiter.engine.extension.TimeoutExtension.interceptTestMethod(TimeoutExtension.java:84)&#13;
	at org.junit.jupiter.engine.execution.ExecutableInvoker$ReflectiveInterceptorCall.lambda$ofVoidMethod$0(ExecutableInvoker.java:115)&#13;
	at org.junit.jupiter.engine.execution.ExecutableInvoker.lambda$invoke$0(ExecutableInvoker.java:105)&#13;
	at org.junit.jupiter.engine.execution.InvocationInterceptorChain$InterceptedInvocation.proceed(InvocationInterceptorChain.java:106)&#13;
	at org.junit.jupiter.engine.execution.InvocationInterceptorChain.proceed(InvocationInterceptorChain.java:64)&#13;
	at org.junit.jupiter.engine.execution.InvocationInterceptorChain.chainAndInvoke(InvocationInterceptorChain.java:45)&#13;
	at org.junit.jupiter.engine.execution.InvocationInterceptorChain.invoke(InvocationInterceptorChain.java:37)&#13;
	at org.junit.jupiter.engine.execution.ExecutableInvoker.invoke(ExecutableInvoker.java:104)&#13;
	at org.junit.jupiter.engine.execution.ExecutableInvoker.invoke(ExecutableInvoker.java:98)&#13;
	at org.junit.jupiter.engine.descriptor.TestMethodTestDescriptor.lambda$invokeTestMethod$6(TestMethodTestDescriptor.java:205)&#13;
	at org.junit.platform.engine.support.hierarchical.ThrowableCollector.execute(ThrowableCollector.java:73)&#13;
	at org.junit.jupiter.engine.descriptor.TestMethodTestDescriptor.invokeTestMethod(TestMethodTestDescriptor.java:201)&#13;
	at org.junit.jupiter.engine.descriptor.TestMethodTestDescriptor.execute(TestMethodTestDescriptor.java:137)&#13;
	at org.junit.jupiter.engine.descriptor.TestMethodTestDescriptor.execute(TestMethodTestDescriptor.java:71)&#13;
	at org.junit.platform.engine.support.hierarchical.NodeTestTask.lambda$executeRecursively$5(NodeTestTask.java:135)&#13;
	at org.junit.platform.engine.support.hierarchical.ThrowableCollector.execute(ThrowableCollector.java:73)&#13;
	at org.junit.platform.engine.support.hierarchical.NodeTestTask.lambda$executeRecursively$7(NodeTestTask.java:125)&#13;
	at org.junit.platform.engine.support.hierarchical.Node.around(Node.java:135)&#13;
	at org.junit.platform.engine.support.hierarchical.NodeTestTask.lambda$executeRecursively$8(NodeTestTask.java:123)&#13;
	at org.junit.platform.engine.support.hierarchical.ThrowableCollector.execute(ThrowableCollector.java:73)&#13;
	at org.junit.platform.engine.support.hierarchical.NodeTestTask.executeRecursively(NodeTestTask.java:122)&#13;
	at org.junit.platform.engine.support.hierarchical.NodeTestTask.execute(NodeTestTask.java:80)&#13;
	at java.base/java.util.ArrayList.forEach(Unknown Source)&#13;
	at org.junit.platform.engine.support.hierarchical.SameThreadHierarchicalTestExecutorService.invokeAll(SameThreadHierarchicalTestExecutorService.java:38)&#13;
	at org.junit.platform.engine.support.hierarchical.NodeTestTask.lambda$executeRecursively$5(NodeTestTask.java:139)&#13;
	at org.junit.platform.engine.support.hierarchical.ThrowableCollector.execute(ThrowableCollector.java:73)&#13;
	at org.junit.platform.engine.support.hierarchical.NodeTestTask.lambda$executeRecursively$7(NodeTestTask.java:125)&#13;
	at org.junit.platform.engine.support.hierarchical.Node.around(Node.java:135)&#13;
	at org.junit.platform.engine.support.hierarchical.NodeTestTask.lambda$executeRecursively$8(NodeTestTask.java:123)&#13;
	at org.junit.platform.engine.support.hierarchical.ThrowableCollector.execute(ThrowableCollector.java:73)&#13;
	at org.junit.platform.engine.support.hierarchical.NodeTestTask.executeRecursively(NodeTestTask.java:122)&#13;
	at org.junit.platform.engine.support.hierarchical.NodeTestTask.execute(NodeTestTask.java:80)&#13;
	at java.base/java.util.ArrayList.forEach(Unknown Source)&#13;
	at org.junit.platform.engine.support.hierarchical.SameThreadHierarchicalTestExecutorService.invokeAll(SameThreadHierarchicalTestExecutorService.java:38)&#13;
	at org.junit.platform.engine.support.hierarchical.NodeTestTask.lambda$executeRecursively$5(NodeTestTask.java:139)&#13;
	at org.junit.platform.engine.support.hierarchical.ThrowableCollector.execute(ThrowableCollector.java:73)&#13;
	at org.junit.platform.engine.support.hierarchical.NodeTestTask.lambda$executeRecursively$7(NodeTestTask.java:125)&#13;
	at org.junit.platform.engine.support.hierarchical.Node.around(Node.java:135)&#13;
	at org.junit.platform.engine.support.hierarchical.NodeTestTask.lambda$executeRecursively$8(NodeTestTask.java:123)&#13;
	at org.junit.platform.engine.support.hierarchical.ThrowableCollector.execute(ThrowableCollector.java:73)&#13;
	at org.junit.platform.engine.support.hierarchical.NodeTestTask.executeRecursively(NodeTestTask.java:122)&#13;
	at org.junit.platform.engine.support.hierarchical.NodeTestTask.execute(NodeTestTask.java:80)&#13;
	at org.junit.platform.engine.support.hierarchical.SameThreadHierarchicalTestExecutorService.submit(SameThreadHierarchicalTestExecutorService.java:32)&#13;
	at org.junit.platform.engine.support.hierarchical.HierarchicalTestExecutor.execute(HierarchicalTestExecutor.java:57)&#13;
	at org.junit.platform.engine.support.hierarchical.HierarchicalTestEngine.execute(HierarchicalTestEngine.java:51)&#13;
	at org.junit.platform.launcher.core.DefaultLauncher.execute(DefaultLauncher.java:229)&#13;
	at org.junit.platform.launcher.core.DefaultLauncher.lambda$execute$6(DefaultLauncher.java:197)&#13;
	at org.junit.platform.launcher.core.DefaultLauncher.withInterceptedStreams(DefaultLauncher.java:211)&#13;
	at org.junit.platform.launcher.core.DefaultLauncher.execute(DefaultLauncher.java:191)&#13;
	at org.junit.platform.launcher.core.DefaultLauncher.execute(DefaultLauncher.java:137)&#13;
	at org.eclipse.jdt.internal.junit5.runner.JUnit5TestReference.run(JUnit5TestReference.java:89)&#13;
	at org.eclipse.jdt.internal.junit.runner.TestExecution.run(TestExecution.java:41)&#13;
	at org.eclipse.jdt.internal.junit.runner.RemoteTestRunner.runTests(RemoteTestRunner.java:541)&#13;
	at org.eclipse.jdt.internal.junit.runner.RemoteTestRunner.runTests(RemoteTestRunner.java:763)&#13;
	at org.eclipse.jdt.internal.junit.runner.RemoteTestRunner.run(RemoteTestRunner.java:463)&#13;
	at org.eclipse.jdt.internal.junit.runner.RemoteTestRunner.main(RemoteTestRunner.java:209)&#13;
&#13;
</error>
    </testcase>
  </testsuite>
  <testsuite name="Transport4Future.TokenManagement.RevokeTokenTest" time="0.122" displayname="RevokeTokenTest" uniqueid="[engine:junit-jupiter]/[class:Transport4Future.TokenManagement.RevokeTokenTest]">
    <testcase name="ec_IV01" classname="Transport4Future.TokenManagement.RevokeTokenTest" time="0.002" displayname="ec_IV01()" uniqueid="[engine:junit-jupiter]/[class:Transport4Future.TokenManagement.RevokeTokenTest]/[method:ec_IV01()]"/>
    <testcase name="ec_IV02" classname="Transport4Future.TokenManagement.RevokeTokenTest" time="0.001" displayname="ec_IV02()" uniqueid="[engine:junit-jupiter]/[class:Transport4Future.TokenManagement.RevokeTokenTest]/[method:ec_IV02()]"/>
    <testcase name="ec_IV03" classname="Transport4Future.TokenManagement.RevokeTokenTest" time="0.001" displayname="ec_IV03()" uniqueid="[engine:junit-jupiter]/[class:Transport4Future.TokenManagement.RevokeTokenTest]/[method:ec_IV03()]"/>
    <testcase name="ec_IV04" classname="Transport4Future.TokenManagement.RevokeTokenTest" time="0.002" displayname="ec_IV04()" uniqueid="[engine:junit-jupiter]/[class:Transport4Future.TokenManagement.RevokeTokenTest]/[method:ec_IV04()]"/>
    <testcase name="ec_IV05" classname="Transport4Future.TokenManagement.RevokeTokenTest" time="0.001" displayname="ec_IV05()" uniqueid="[engine:junit-jupiter]/[class:Transport4Future.TokenManagement.RevokeTokenTest]/[method:ec_IV05()]"/>
    <testcase name="ec_IV06" classname="Transport4Future.TokenManagement.RevokeTokenTest" time="0.002" displayname="ec_IV06()" uniqueid="[engine:junit-jupiter]/[class:Transport4Future.TokenManagement.RevokeTokenTest]/[method:ec_IV06()]"/>
    <testcase name="ec_IV07" classname="Transport4Future.TokenManagement.RevokeTokenTest" time="0.001" displayname="ec_IV07()" uniqueid="[engine:junit-jupiter]/[class:Transport4Future.TokenManagement.RevokeTokenTest]/[method:ec_IV07()]"/>
    <testcase name="ec_IV08" classname="Transport4Future.TokenManagement.RevokeTokenTest" time="0.001" displayname="ec_IV08()" uniqueid="[engine:junit-jupiter]/[class:Transport4Future.TokenManagement.RevokeTokenTest]/[method:ec_IV08()]"/>
    <testcase name="ec_IV09" classname="Transport4Future.TokenManagement.RevokeTokenTest" time="0.002" displayname="ec_IV09()" uniqueid="[engine:junit-jupiter]/[class:Transport4Future.TokenManagement.RevokeTokenTest]/[method:ec_IV09()]"/>
    <testcase name="ec_IV10" classname="Transport4Future.TokenManagement.RevokeTokenTest" time="0.001" displayname="ec_IV10()" uniqueid="[engine:junit-jupiter]/[class:Transport4Future.TokenManagement.RevokeTokenTest]/[method:ec_IV10()]"/>
    <testcase name="ec_IV11" classname="Transport4Future.TokenManagement.RevokeTokenTest" time="0.001" displayname="ec_IV11()" uniqueid="[engine:junit-jupiter]/[class:Transport4Future.TokenManagement.RevokeTokenTest]/[method:ec_IV11()]"/>
    <testcase name="ec_IV12" classname="Transport4Future.TokenManagement.RevokeTokenTest" time="0.001" displayname="ec_IV12()" uniqueid="[engine:junit-jupiter]/[class:Transport4Future.TokenManagement.RevokeTokenTest]/[method:ec_IV12()]"/>
    <testcase name="ec_V01" classname="Transport4Future.TokenManagement.RevokeTokenTest" time="0.014" displayname="ec_V01()" uniqueid="[engine:junit-jupiter]/[class:Transport4Future.TokenManagement.RevokeTokenTest]/[method:ec_V01()]"/>
    <testcase name="ec_V02" classname="Transport4Future.TokenManagement.RevokeTokenTest" time="0.01" displayname="ec_V02()" uniqueid="[engine:junit-jupiter]/[class:Transport4Future.TokenManagement.RevokeTokenTest]/[method:ec_V02()]"/>
    <testcase name="syntax_IV01" classname="Transport4Future.TokenManagement.RevokeTokenTest" time="0.002" displayname="syntax_IV01()" uniqueid="[engine:junit-jupiter]/[class:Transport4Future.TokenManagement.RevokeTokenTest]/[method:syntax_IV01()]"/>
    <testcase name="syntax_IV02" classname="Transport4Future.TokenManagement.RevokeTokenTest" time="0.001" displayname="syntax_IV02()" uniqueid="[engine:junit-jupiter]/[class:Transport4Future.TokenManagement.RevokeTokenTest]/[method:syntax_IV02()]"/>
    <testcase name="syntax_IV03" classname="Transport4Future.TokenManagement.RevokeTokenTest" time="0.001" displayname="syntax_IV03()" uniqueid="[engine:junit-jupiter]/[class:Transport4Future.TokenManagement.RevokeTokenTest]/[method:syntax_IV03()]"/>
    <testcase name="syntax_IV04" classname="Transport4Future.TokenManagement.RevokeTokenTest" time="0.001" displayname="syntax_IV04()" uniqueid="[engine:junit-jupiter]/[class:Transport4Future.TokenManagement.RevokeTokenTest]/[method:syntax_IV04()]"/>
    <testcase name="syntax_IV05" classname="Transport4Future.TokenManagement.RevokeTokenTest" time="0.001" displayname="syntax_IV05()" uniqueid="[engine:junit-jupiter]/[class:Transport4Future.TokenManagement.RevokeTokenTest]/[method:syntax_IV05()]"/>
    <testcase name="syntax_IV06" classname="Transport4Future.TokenManagement.RevokeTokenTest" time="0.001" displayname="syntax_IV06()" uniqueid="[engine:junit-jupiter]/[class:Transport4Future.TokenManagement.RevokeTokenTest]/[method:syntax_IV06()]"/>
    <testcase name="syntax_IV07" classname="Transport4Future.TokenManagement.RevokeTokenTest" time="0.001" displayname="syntax_IV07()" uniqueid="[engine:junit-jupiter]/[class:Transport4Future.TokenManagement.RevokeTokenTest]/[method:syntax_IV07()]"/>
    <testcase name="syntax_IV08" classname="Transport4Future.TokenManagement.RevokeTokenTest" time="0.001" displayname="syntax_IV08()" uniqueid="[engine:junit-jupiter]/[class:Transport4Future.TokenManagement.RevokeTokenTest]/[method:syntax_IV08()]"/>
    <testcase name="syntax_IV09" classname="Transport4Future.TokenManagement.RevokeTokenTest" time="0.001" displayname="syntax_IV09()" uniqueid="[engine:junit-jupiter]/[class:Transport4Future.TokenManagement.RevokeTokenTest]/[method:syntax_IV09()]"/>
    <testcase name="syntax_IV10" classname="Transport4Future.TokenManagement.RevokeTokenTest" time="0.001" displayname="syntax_IV10()" uniqueid="[engine:junit-jupiter]/[class:Transport4Future.TokenManagement.RevokeTokenTest]/[method:syntax_IV10()]"/>
    <testcase name="syntax_IV11" classname="Transport4Future.TokenManagement.RevokeTokenTest" time="0.002" displayname="syntax_IV11()" uniqueid="[engine:junit-jupiter]/[class:Transport4Future.TokenManagement.RevokeTokenTest]/[method:syntax_IV11()]"/>
    <testcase name="syntax_IV12" classname="Transport4Future.TokenManagement.RevokeTokenTest" time="0.001" displayname="syntax_IV12()" uniqueid="[engine:junit-jupiter]/[class:Transport4Future.TokenManagement.RevokeTokenTest]/[method:syntax_IV12()]"/>
    <testcase name="syntax_IV13" classname="Transport4Future.TokenManagement.RevokeTokenTest" time="0.001" displayname="syntax_IV13()" uniqueid="[engine:junit-jupiter]/[class:Transport4Future.TokenManagement.RevokeTokenTest]/[method:syntax_IV13()]"/>
    <testcase name="syntax_IV14" classname="Transport4Future.TokenManagement.RevokeTokenTest" time="0.002" displayname="syntax_IV14()" uniqueid="[engine:junit-jupiter]/[class:Transport4Future.TokenManagement.RevokeTokenTest]/[method:syntax_IV14()]"/>
    <testcase name="syntax_IV15" classname="Transport4Future.TokenManagement.RevokeTokenTest" time="0.002" displayname="syntax_IV15()" uniqueid="[engine:junit-jupiter]/[class:Transport4Future.TokenManagement.RevokeTokenTest]/[method:syntax_IV15()]"/>
    <testcase name="syntax_IV16" classname="Transport4Future.TokenManagement.RevokeTokenTest" time="0.001" displayname="syntax_IV16()" uniqueid="[engine:junit-jupiter]/[class:Transport4Future.TokenManagement.RevokeTokenTest]/[method:syntax_IV16()]"/>
    <testcase name="syntax_IV17" classname="Transport4Future.TokenManagement.RevokeTokenTest" time="0.002" displayname="syntax_IV17()" uniqueid="[engine:junit-jupiter]/[class:Transport4Future.TokenManagement.RevokeTokenTest]/[method:syntax_IV17()]"/>
    <testcase name="syntax_IV18" classname="Transport4Future.TokenManagement.RevokeTokenTest" time="0.001" displayname="syntax_IV18()" uniqueid="[engine:junit-jupiter]/[class:Transport4Future.TokenManagement.RevokeTokenTest]/[method:syntax_IV18()]"/>
    <testcase name="syntax_IV19" classname="Transport4Future.TokenManagement.RevokeTokenTest" time="0.002" displayname="syntax_IV19()" uniqueid="[engine:junit-jupiter]/[class:Transport4Future.TokenManagement.RevokeTokenTest]/[method:syntax_IV19()]"/>
    <testcase name="syntax_IV20" classname="Transport4Future.TokenManagement.RevokeTokenTest" time="0.001" displayname="syntax_IV20()" uniqueid="[engine:junit-jupiter]/[class:Transport4Future.TokenManagement.RevokeTokenTest]/[method:syntax_IV20()]"/>
    <testcase name="syntax_IV21" classname="Transport4Future.TokenManagement.RevokeTokenTest" time="0.002" displayname="syntax_IV21()" uniqueid="[engine:junit-jupiter]/[class:Transport4Future.TokenManagement.RevokeTokenTest]/[method:syntax_IV21()]"/>
    <testcase name="syntax_IV22" classname="Transport4Future.TokenManagement.RevokeTokenTest" time="0.001" displayname="syntax_IV22()" uniqueid="[engine:junit-jupiter]/[class:Transport4Future.TokenManagement.RevokeTokenTest]/[method:syntax_IV22()]"/>
    <testcase name="syntax_IV23" classname="Transport4Future.TokenManagement.RevokeTokenTest" time="0.001" displayname="syntax_IV23()" uniqueid="[engine:junit-jupiter]/[class:Transport4Future.TokenManagement.RevokeTokenTest]/[method:syntax_IV23()]"/>
    <testcase name="syntax_IV24" classname="Transport4Future.TokenManagement.RevokeTokenTest" time="0.002" displayname="syntax_IV24()" uniqueid="[engine:junit-jupiter]/[class:Transport4Future.TokenManagement.RevokeTokenTest]/[method:syntax_IV24()]"/>
    <testcase name="syntax_IV25" classname="Transport4Future.TokenManagement.RevokeTokenTest" time="0.001" displayname="syntax_IV25()" uniqueid="[engine:junit-jupiter]/[class:Transport4Future.TokenManagement.RevokeTokenTest]/[method:syntax_IV25()]"/>
    <testcase name="syntax_IV26" classname="Transport4Future.TokenManagement.RevokeTokenTest" time="0.001" displayname="syntax_IV26()" uniqueid="[engine:junit-jupiter]/[class:Transport4Future.TokenManagement.RevokeTokenTest]/[method:syntax_IV26()]"/>
    <testcase name="syntax_IV27" classname="Transport4Future.TokenManagement.RevokeTokenTest" time="0.002" displayname="syntax_IV27()" uniqueid="[engine:junit-jupiter]/[class:Transport4Future.TokenManagement.RevokeTokenTest]/[method:syntax_IV27()]"/>
    <testcase name="syntax_IV28" classname="Transport4Future.TokenManagement.RevokeTokenTest" time="0.001" displayname="syntax_IV28()" uniqueid="[engine:junit-jupiter]/[class:Transport4Future.TokenManagement.RevokeTokenTest]/[method:syntax_IV28()]"/>
    <testcase name="syntax_IV29" classname="Transport4Future.TokenManagement.RevokeTokenTest" time="0.002" displayname="syntax_IV29()" uniqueid="[engine:junit-jupiter]/[class:Transport4Future.TokenManagement.RevokeTokenTest]/[method:syntax_IV29()]"/>
    <testcase name="syntax_IV30" classname="Transport4Future.TokenManagement.RevokeTokenTest" time="0.002" displayname="syntax_IV30()" uniqueid="[engine:junit-jupiter]/[class:Transport4Future.TokenManagement.RevokeTokenTest]/[method:syntax_IV30()]"/>
    <testcase name="syntax_IV31" classname="Transport4Future.TokenManagement.RevokeTokenTest" time="0.001" displayname="syntax_IV31()" uniqueid="[engine:junit-jupiter]/[class:Transport4Future.TokenManagement.RevokeTokenTest]/[method:syntax_IV31()]"/>
    <testcase name="syntax_IV32" classname="Transport4Future.TokenManagement.RevokeTokenTest" time="0.001" displayname="syntax_IV32()" uniqueid="[engine:junit-jupiter]/[class:Transport4Future.TokenManagement.RevokeTokenTest]/[method:syntax_IV32()]"/>
    <testcase name="syntax_IV33" classname="Transport4Future.TokenManagement.RevokeTokenTest" time="0.001" displayname="syntax_IV33()" uniqueid="[engine:junit-jupiter]/[class:Transport4Future.TokenManagement.RevokeTokenTest]/[method:syntax_IV33()]"/>
    <testcase name="syntax_IV34" classname="Transport4Future.TokenManagement.RevokeTokenTest" time="0.002" displayname="syntax_IV34()" uniqueid="[engine:junit-jupiter]/[class:Transport4Future.TokenManagement.RevokeTokenTest]/[method:syntax_IV34()]"/>
    <testcase name="syntax_IV35" classname="Transport4Future.TokenManagement.RevokeTokenTest" time="0.001" displayname="syntax_IV35()" uniqueid="[engine:junit-jupiter]/[class:Transport4Future.TokenManagement.RevokeTokenTest]/[method:syntax_IV35()]"/>
    <testcase name="syntax_IV36" classname="Transport4Future.TokenManagement.RevokeTokenTest" time="0.001" displayname="syntax_IV36()" uniqueid="[engine:junit-jupiter]/[class:Transport4Future.TokenManagement.RevokeTokenTest]/[method:syntax_IV36()]"/>
    <testcase name="syntax_IV37" classname="Transport4Future.TokenManagement.RevokeTokenTest" time="0.002" displayname="syntax_IV37()" uniqueid="[engine:junit-jupiter]/[class:Transport4Future.TokenManagement.RevokeTokenTest]/[method:syntax_IV37()]"/>
    <testcase name="syntax_IV38" classname="Transport4Future.TokenManagement.RevokeTokenTest" time="0.001" displayname="syntax_IV38()" uniqueid="[engine:junit-jupiter]/[class:Transport4Future.TokenManagement.RevokeTokenTest]/[method:syntax_IV38()]"/>
    <testcase name="syntax_IV39" classname="Transport4Future.TokenManagement.RevokeTokenTest" time="0.001" displayname="syntax_IV39()" uniqueid="[engine:junit-jupiter]/[class:Transport4Future.TokenManagement.RevokeTokenTest]/[method:syntax_IV39()]"/>
    <testcase name="syntax_IV40" classname="Transport4Future.TokenManagement.RevokeTokenTest" time="0.001" displayname="syntax_IV40()" uniqueid="[engine:junit-jupiter]/[class:Transport4Future.TokenManagement.RevokeTokenTest]/[method:syntax_IV40()]"/>
    <testcase name="syntax_IV41" classname="Transport4Future.TokenManagement.RevokeTokenTest" time="0.001" displayname="syntax_IV41()" uniqueid="[engine:junit-jupiter]/[class:Transport4Future.TokenManagement.RevokeTokenTest]/[method:syntax_IV41()]"/>
    <testcase name="syntax_IV42" classname="Transport4Future.TokenManagement.RevokeTokenTest" time="0.001" displayname="syntax_IV42()" uniqueid="[engine:junit-jupiter]/[class:Transport4Future.TokenManagement.RevokeTokenTest]/[method:syntax_IV42()]"/>
    <testcase name="syntax_IV43" classname="Transport4Future.TokenManagement.RevokeTokenTest" time="0.002" displayname="syntax_IV43()" uniqueid="[engine:junit-jupiter]/[class:Transport4Future.TokenManagement.RevokeTokenTest]/[method:syntax_IV43()]"/>
    <testcase name="syntax_IV44" classname="Transport4Future.TokenManagement.RevokeTokenTest" time="0.001" displayname="syntax_IV44()" uniqueid="[engine:junit-jupiter]/[class:Transport4Future.TokenManagement.RevokeTokenTest]/[method:syntax_IV44()]"/>
    <testcase name="ec_IVF01" classname="Transport4Future.TokenManagement.RevokeTokenTest" time="0.001" displayname="ec_IVF01()" uniqueid="[engine:junit-jupiter]/[class:Transport4Future.TokenManagement.RevokeTokenTest]/[method:ec_IVF01()]"/>
    <testcase name="ec_IVF02" classname="Transport4Future.TokenManagement.RevokeTokenTest" time="0.001" displayname="ec_IVF02()" uniqueid="[engine:junit-jupiter]/[class:Transport4Future.TokenManagement.RevokeTokenTest]/[method:ec_IVF02()]"/>
    <testcase name="ec_IVF03" classname="Transport4Future.TokenManagement.RevokeTokenTest" time="0.001" displayname="ec_IVF03()" uniqueid="[engine:junit-jupiter]/[class:Transport4Future.TokenManagement.RevokeTokenTest]/[method:ec_IVF03()]"/>
    <testcase name="ec_IVO01" classname="Transport4Future.TokenManagement.RevokeTokenTest" time="0.002" displayname="ec_IVO01()" uniqueid="[engine:junit-jupiter]/[class:Transport4Future.TokenManagement.RevokeTokenTest]/[method:ec_IVO01()]"/>
    <testcase name="syntax_V01" classname="Transport4Future.TokenManagement.RevokeTokenTest" time="0.002" displayname="syntax_V01()" uniqueid="[engine:junit-jupiter]/[class:Transport4Future.TokenManagement.RevokeTokenTest]/[method:syntax_V01()]"/>
    <testcase name="syntax_V02" classname="Transport4Future.TokenManagement.RevokeTokenTest" time="0.017" displayname="syntax_V02()" uniqueid="[engine:junit-jupiter]/[class:Transport4Future.TokenManagement.RevokeTokenTest]/[method:syntax_V02()]"/>
  </testsuite>
  <testsuite name="Transport4Future.TokenManagement.TokenRequestTest" time="0.129" displayname="TokenRequestTest" uniqueid="[engine:junit-jupiter]/[class:Transport4Future.TokenManagement.TokenRequestTest]">
    <testsuite name="invalidTestCases(Transport4Future.TokenManagement.TokenRequestTest)" time="0.002" displayname="Invalid Test Cases" parameters="java.lang.String,java.lang.String" uniqueid="[engine:junit-jupiter]/[class:Transport4Future.TokenManagement.TokenRequestTest]/[test-template:invalidTestCases(java.lang.String, java.lang.String)]">
      <testcase name="invalidTestCases" classname="Transport4Future.TokenManagement.TokenRequestTest" time="0.002" dynamicTest="true" displayname="1 - {2}" parameters="java.lang.String,java.lang.String" uniqueid="[engine:junit-jupiter]/[class:Transport4Future.TokenManagement.TokenRequestTest]/[test-template:invalidTestCases(java.lang.String, java.lang.String)]/[test-template-invocation:#1]"/>
      <testcase name="invalidTestCases" classname="Transport4Future.TokenManagement.TokenRequestTest" time="0.002" dynamicTest="true" displayname="2 - {2}" parameters="java.lang.String,java.lang.String" uniqueid="[engine:junit-jupiter]/[class:Transport4Future.TokenManagement.TokenRequestTest]/[test-template:invalidTestCases(java.lang.String, java.lang.String)]/[test-template-invocation:#2]"/>
      <testcase name="invalidTestCases" classname="Transport4Future.TokenManagement.TokenRequestTest" time="0.002" dynamicTest="true" displayname="3 - {2}" parameters="java.lang.String,java.lang.String" uniqueid="[engine:junit-jupiter]/[class:Transport4Future.TokenManagement.TokenRequestTest]/[test-template:invalidTestCases(java.lang.String, java.lang.String)]/[test-template-invocation:#3]"/>
      <testcase name="invalidTestCases" classname="Transport4Future.TokenManagement.TokenRequestTest" time="0.002" dynamicTest="true" displayname="4 - {2}" parameters="java.lang.String,java.lang.String" uniqueid="[engine:junit-jupiter]/[class:Transport4Future.TokenManagement.TokenRequestTest]/[test-template:invalidTestCases(java.lang.String, java.lang.String)]/[test-template-invocation:#4]"/>
      <testcase name="invalidTestCases" classname="Transport4Future.TokenManagement.TokenRequestTest" time="0.002" dynamicTest="true" displayname="5 - {2}" parameters="java.lang.String,java.lang.String" uniqueid="[engine:junit-jupiter]/[class:Transport4Future.TokenManagement.TokenRequestTest]/[test-template:invalidTestCases(java.lang.String, java.lang.String)]/[test-template-invocation:#5]"/>
      <testcase name="invalidTestCases" classname="Transport4Future.TokenManagement.TokenRequestTest" time="0.002" dynamicTest="true" displayname="6 - {2}" parameters="java.lang.String,java.lang.String" uniqueid="[engine:junit-jupiter]/[class:Transport4Future.TokenManagement.TokenRequestTest]/[test-template:invalidTestCases(java.lang.String, java.lang.String)]/[test-template-invocation:#6]"/>
      <testcase name="invalidTestCases" classname="Transport4Future.TokenManagement.TokenRequestTest" time="0.001" dynamicTest="true" displayname="7 - {2}" parameters="java.lang.String,java.lang.String" uniqueid="[engine:junit-jupiter]/[class:Transport4Future.TokenManagement.TokenRequestTest]/[test-template:invalidTestCases(java.lang.String, java.lang.String)]/[test-template-invocation:#7]"/>
      <testcase name="invalidTestCases" classname="Transport4Future.TokenManagement.TokenRequestTest" time="0.002" dynamicTest="true" displayname="8 - {2}" parameters="java.lang.String,java.lang.String" uniqueid="[engine:junit-jupiter]/[class:Transport4Future.TokenManagement.TokenRequestTest]/[test-template:invalidTestCases(java.lang.String, java.lang.String)]/[test-template-invocation:#8]"/>
      <testcase name="invalidTestCases" classname="Transport4Future.TokenManagement.TokenRequestTest" time="0.001" dynamicTest="true" displayname="9 - {2}" parameters="java.lang.String,java.lang.String" uniqueid="[engine:junit-jupiter]/[class:Transport4Future.TokenManagement.TokenRequestTest]/[test-template:invalidTestCases(java.lang.String, java.lang.String)]/[test-template-invocation:#9]"/>
      <testcase name="invalidTestCases" classname="Transport4Future.TokenManagement.TokenRequestTest" time="0.003" dynamicTest="true" displayname="10 - {2}" parameters="java.lang.String,java.lang.String" uniqueid="[engine:junit-jupiter]/[class:Transport4Future.TokenManagement.TokenRequestTest]/[test-template:invalidTestCases(java.lang.String, java.lang.String)]/[test-template-invocation:#10]"/>
      <testcase name="invalidTestCases" classname="Transport4Future.TokenManagement.TokenRequestTest" time="0.003" dynamicTest="true" displayname="11 - {2}" parameters="java.lang.String,java.lang.String" uniqueid="[engine:junit-jupiter]/[class:Transport4Future.TokenManagement.TokenRequestTest]/[test-template:invalidTestCases(java.lang.String, java.lang.String)]/[test-template-invocation:#11]"/>
      <testcase name="invalidTestCases" classname="Transport4Future.TokenManagement.TokenRequestTest" time="0.002" dynamicTest="true" displayname="12 - {2}" parameters="java.lang.String,java.lang.String" uniqueid="[engine:junit-jupiter]/[class:Transport4Future.TokenManagement.TokenRequestTest]/[test-template:invalidTestCases(java.lang.String, java.lang.String)]/[test-template-invocation:#12]"/>
      <testcase name="invalidTestCases" classname="Transport4Future.TokenManagement.TokenRequestTest" time="0.003" dynamicTest="true" displayname="13 - {2}" parameters="java.lang.String,java.lang.String" uniqueid="[engine:junit-jupiter]/[class:Transport4Future.TokenManagement.TokenRequestTest]/[test-template:invalidTestCases(java.lang.String, java.lang.String)]/[test-template-invocation:#13]"/>
      <testcase name="invalidTestCases" classname="Transport4Future.TokenManagement.TokenRequestTest" time="0.002" dynamicTest="true" displayname="14 - {2}" parameters="java.lang.String,java.lang.String" uniqueid="[engine:junit-jupiter]/[class:Transport4Future.TokenManagement.TokenRequestTest]/[test-template:invalidTestCases(java.lang.String, java.lang.String)]/[test-template-invocation:#14]"/>
      <testcase name="invalidTestCases" classname="Transport4Future.TokenManagement.TokenRequestTest" time="0.002" dynamicTest="true" displayname="15 - {2}" parameters="java.lang.String,java.lang.String" uniqueid="[engine:junit-jupiter]/[class:Transport4Future.TokenManagement.TokenRequestTest]/[test-template:invalidTestCases(java.lang.String, java.lang.String)]/[test-template-invocation:#15]"/>
      <testcase name="invalidTestCases" classname="Transport4Future.TokenManagement.TokenRequestTest" time="0.002" dynamicTest="true" displayname="16 - {2}" parameters="java.lang.String,java.lang.String" uniqueid="[engine:junit-jupiter]/[class:Transport4Future.TokenManagement.TokenRequestTest]/[test-template:invalidTestCases(java.lang.String, java.lang.String)]/[test-template-invocation:#16]"/>
      <testcase name="invalidTestCases" classname="Transport4Future.TokenManagement.TokenRequestTest" time="0.002" dynamicTest="true" displayname="17 - {2}" parameters="java.lang.String,java.lang.String" uniqueid="[engine:junit-jupiter]/[class:Transport4Future.TokenManagement.TokenRequestTest]/[test-template:invalidTestCases(java.lang.String, java.lang.String)]/[test-template-invocation:#17]"/>
      <testcase name="invalidTestCases" classname="Transport4Future.TokenManagement.TokenRequestTest" time="0.001" dynamicTest="true" displayname="18 - {2}" parameters="java.lang.String,java.lang.String" uniqueid="[engine:junit-jupiter]/[class:Transport4Future.TokenManagement.TokenRequestTest]/[test-template:invalidTestCases(java.lang.String, java.lang.String)]/[test-template-invocation:#18]"/>
      <testcase name="invalidTestCases" classname="Transport4Future.TokenManagement.TokenRequestTest" time="0.002" dynamicTest="true" displayname="19 - {2}" parameters="java.lang.String,java.lang.String" uniqueid="[engine:junit-jupiter]/[class:Transport4Future.TokenManagement.TokenRequestTest]/[test-template:invalidTestCases(java.lang.String, java.lang.String)]/[test-template-invocation:#19]"/>
      <testcase name="invalidTestCases" classname="Transport4Future.TokenManagement.TokenRequestTest" time="0.001" dynamicTest="true" displayname="20 - {2}" parameters="java.lang.String,java.lang.String" uniqueid="[engine:junit-jupiter]/[class:Transport4Future.TokenManagement.TokenRequestTest]/[test-template:invalidTestCases(java.lang.String, java.lang.String)]/[test-template-invocation:#20]"/>
      <testcase name="invalidTestCases" classname="Transport4Future.TokenManagement.TokenRequestTest" time="0.002" dynamicTest="true" displayname="21 - {2}" parameters="java.lang.String,java.lang.String" uniqueid="[engine:junit-jupiter]/[class:Transport4Future.TokenManagement.TokenRequestTest]/[test-template:invalidTestCases(java.lang.String, java.lang.String)]/[test-template-invocation:#21]"/>
      <testcase name="invalidTestCases" classname="Transport4Future.TokenManagement.TokenRequestTest" time="0.002" dynamicTest="true" displayname="22 - {2}" parameters="java.lang.String,java.lang.String" uniqueid="[engine:junit-jupiter]/[class:Transport4Future.TokenManagement.TokenRequestTest]/[test-template:invalidTestCases(java.lang.String, java.lang.String)]/[test-template-invocation:#22]"/>
      <testcase name="invalidTestCases" classname="Transport4Future.TokenManagement.TokenRequestTest" time="0.001" dynamicTest="true" displayname="23 - {2}" parameters="java.lang.String,java.lang.String" uniqueid="[engine:junit-jupiter]/[class:Transport4Future.TokenManagement.TokenRequestTest]/[test-template:invalidTestCases(java.lang.String, java.lang.String)]/[test-template-invocation:#23]"/>
      <testcase name="invalidTestCases" classname="Transport4Future.TokenManagement.TokenRequestTest" time="0.002" dynamicTest="true" displayname="24 - {2}" parameters="java.lang.String,java.lang.String" uniqueid="[engine:junit-jupiter]/[class:Transport4Future.TokenManagement.TokenRequestTest]/[test-template:invalidTestCases(java.lang.String, java.lang.String)]/[test-template-invocation:#24]"/>
      <testcase name="invalidTestCases" classname="Transport4Future.TokenManagement.TokenRequestTest" time="0.002" dynamicTest="true" displayname="25 - {2}" parameters="java.lang.String,java.lang.String" uniqueid="[engine:junit-jupiter]/[class:Transport4Future.TokenManagement.TokenRequestTest]/[test-template:invalidTestCases(java.lang.String, java.lang.String)]/[test-template-invocation:#25]"/>
      <testcase name="invalidTestCases" classname="Transport4Future.TokenManagement.TokenRequestTest" time="0.001" dynamicTest="true" displayname="26 - {2}" parameters="java.lang.String,java.lang.String" uniqueid="[engine:junit-jupiter]/[class:Transport4Future.TokenManagement.TokenRequestTest]/[test-template:invalidTestCases(java.lang.String, java.lang.String)]/[test-template-invocation:#26]"/>
      <testcase name="invalidTestCases" classname="Transport4Future.TokenManagement.TokenRequestTest" time="0.002" dynamicTest="true" displayname="27 - {2}" parameters="java.lang.String,java.lang.String" uniqueid="[engine:junit-jupiter]/[class:Transport4Future.TokenManagement.TokenRequestTest]/[test-template:invalidTestCases(java.lang.String, java.lang.String)]/[test-template-invocation:#27]"/>
      <testcase name="invalidTestCases" classname="Transport4Future.TokenManagement.TokenRequestTest" time="0.001" dynamicTest="true" displayname="28 - {2}" parameters="java.lang.String,java.lang.String" uniqueid="[engine:junit-jupiter]/[class:Transport4Future.TokenManagement.TokenRequestTest]/[test-template:invalidTestCases(java.lang.String, java.lang.String)]/[test-template-invocation:#28]"/>
      <testcase name="invalidTestCases" classname="Transport4Future.TokenManagement.TokenRequestTest" time="0.002" dynamicTest="true" displayname="29 - {2}" parameters="java.lang.String,java.lang.String" uniqueid="[engine:junit-jupiter]/[class:Transport4Future.TokenManagement.TokenRequestTest]/[test-template:invalidTestCases(java.lang.String, java.lang.String)]/[test-template-invocation:#29]"/>
      <testcase name="invalidTestCases" classname="Transport4Future.TokenManagement.TokenRequestTest" time="0.002" dynamicTest="true" displayname="30 - {2}" parameters="java.lang.String,java.lang.String" uniqueid="[engine:junit-jupiter]/[class:Transport4Future.TokenManagement.TokenRequestTest]/[test-template:invalidTestCases(java.lang.String, java.lang.String)]/[test-template-invocation:#30]"/>
      <testcase name="invalidTestCases" classname="Transport4Future.TokenManagement.TokenRequestTest" time="0.001" dynamicTest="true" displayname="31 - {2}" parameters="java.lang.String,java.lang.String" uniqueid="[engine:junit-jupiter]/[class:Transport4Future.TokenManagement.TokenRequestTest]/[test-template:invalidTestCases(java.lang.String, java.lang.String)]/[test-template-invocation:#31]"/>
      <testcase name="invalidTestCases" classname="Transport4Future.TokenManagement.TokenRequestTest" time="0.003" dynamicTest="true" displayname="32 - {2}" parameters="java.lang.String,java.lang.String" uniqueid="[engine:junit-jupiter]/[class:Transport4Future.TokenManagement.TokenRequestTest]/[test-template:invalidTestCases(java.lang.String, java.lang.String)]/[test-template-invocation:#32]"/>
      <testcase name="invalidTestCases" classname="Transport4Future.TokenManagement.TokenRequestTest" time="0.002" dynamicTest="true" displayname="33 - {2}" parameters="java.lang.String,java.lang.String" uniqueid="[engine:junit-jupiter]/[class:Transport4Future.TokenManagement.TokenRequestTest]/[test-template:invalidTestCases(java.lang.String, java.lang.String)]/[test-template-invocation:#33]"/>
      <testcase name="invalidTestCases" classname="Transport4Future.TokenManagement.TokenRequestTest" time="0.002" dynamicTest="true" displayname="34 - {2}" parameters="java.lang.String,java.lang.String" uniqueid="[engine:junit-jupiter]/[class:Transport4Future.TokenManagement.TokenRequestTest]/[test-template:invalidTestCases(java.lang.String, java.lang.String)]/[test-template-invocation:#34]"/>
      <testcase name="invalidTestCases" classname="Transport4Future.TokenManagement.TokenRequestTest" time="0.002" dynamicTest="true" displayname="35 - {2}" parameters="java.lang.String,java.lang.String" uniqueid="[engine:junit-jupiter]/[class:Transport4Future.TokenManagement.TokenRequestTest]/[test-template:invalidTestCases(java.lang.String, java.lang.String)]/[test-template-invocation:#35]"/>
      <testcase name="invalidTestCases" classname="Transport4Future.TokenManagement.TokenRequestTest" time="0.002" dynamicTest="true" displayname="36 - {2}" parameters="java.lang.String,java.lang.String" uniqueid="[engine:junit-jupiter]/[class:Transport4Future.TokenManagement.TokenRequestTest]/[test-template:invalidTestCases(java.lang.String, java.lang.String)]/[test-template-invocation:#36]"/>
      <testcase name="invalidTestCases" classname="Transport4Future.TokenManagement.TokenRequestTest" time="0.002" dynamicTest="true" displayname="37 - {2}" parameters="java.lang.String,java.lang.String" uniqueid="[engine:junit-jupiter]/[class:Transport4Future.TokenManagement.TokenRequestTest]/[test-template:invalidTestCases(java.lang.String, java.lang.String)]/[test-template-invocation:#37]"/>
      <testcase name="invalidTestCases" classname="Transport4Future.TokenManagement.TokenRequestTest" time="0.002" dynamicTest="true" displayname="38 - {2}" parameters="java.lang.String,java.lang.String" uniqueid="[engine:junit-jupiter]/[class:Transport4Future.TokenManagement.TokenRequestTest]/[test-template:invalidTestCases(java.lang.String, java.lang.String)]/[test-template-invocation:#38]"/>
      <testcase name="invalidTestCases" classname="Transport4Future.TokenManagement.TokenRequestTest" time="0.002" dynamicTest="true" displayname="39 - {2}" parameters="java.lang.String,java.lang.String" uniqueid="[engine:junit-jupiter]/[class:Transport4Future.TokenManagement.TokenRequestTest]/[test-template:invalidTestCases(java.lang.String, java.lang.String)]/[test-template-invocation:#39]"/>
      <testcase name="invalidTestCases" classname="Transport4Future.TokenManagement.TokenRequestTest" time="0.001" dynamicTest="true" displayname="40 - {2}" parameters="java.lang.String,java.lang.String" uniqueid="[engine:junit-jupiter]/[class:Transport4Future.TokenManagement.TokenRequestTest]/[test-template:invalidTestCases(java.lang.String, java.lang.String)]/[test-template-invocation:#40]"/>
      <testcase name="invalidTestCases" classname="Transport4Future.TokenManagement.TokenRequestTest" time="0.002" dynamicTest="true" displayname="41 - {2}" parameters="java.lang.String,java.lang.String" uniqueid="[engine:junit-jupiter]/[class:Transport4Future.TokenManagement.TokenRequestTest]/[test-template:invalidTestCases(java.lang.String, java.lang.String)]/[test-template-invocation:#41]"/>
      <testcase name="invalidTestCases" classname="Transport4Future.TokenManagement.TokenRequestTest" time="0.002" dynamicTest="true" displayname="42 - {2}" parameters="java.lang.String,java.lang.String" uniqueid="[engine:junit-jupiter]/[class:Transport4Future.TokenManagement.TokenRequestTest]/[test-template:invalidTestCases(java.lang.String, java.lang.String)]/[test-template-invocation:#42]"/>
      <testcase name="invalidTestCases" classname="Transport4Future.TokenManagement.TokenRequestTest" time="0.001" dynamicTest="true" displayname="43 - {2}" parameters="java.lang.String,java.lang.String" uniqueid="[engine:junit-jupiter]/[class:Transport4Future.TokenManagement.TokenRequestTest]/[test-template:invalidTestCases(java.lang.String, java.lang.String)]/[test-template-invocation:#43]"/>
      <testcase name="invalidTestCases" classname="Transport4Future.TokenManagement.TokenRequestTest" time="0.002" dynamicTest="true" displayname="44 - {2}" parameters="java.lang.String,java.lang.String" uniqueid="[engine:junit-jupiter]/[class:Transport4Future.TokenManagement.TokenRequestTest]/[test-template:invalidTestCases(java.lang.String, java.lang.String)]/[test-template-invocation:#44]"/>
      <testcase name="invalidTestCases" classname="Transport4Future.TokenManagement.TokenRequestTest" time="0.002" dynamicTest="true" displayname="45 - {2}" parameters="java.lang.String,java.lang.String" uniqueid="[engine:junit-jupiter]/[class:Transport4Future.TokenManagement.TokenRequestTest]/[test-template:invalidTestCases(java.lang.String, java.lang.String)]/[test-template-invocation:#45]"/>
      <testcase name="invalidTestCases" classname="Transport4Future.TokenManagement.TokenRequestTest" time="0.001" dynamicTest="true" displayname="46 - {2}" parameters="java.lang.String,java.lang.String" uniqueid="[engine:junit-jupiter]/[class:Transport4Future.TokenManagement.TokenRequestTest]/[test-template:invalidTestCases(java.lang.String, java.lang.String)]/[test-template-invocation:#46]"/>
      <testcase name="invalidTestCases" classname="Transport4Future.TokenManagement.TokenRequestTest" time="0.002" dynamicTest="true" displayname="47 - {2}" parameters="java.lang.String,java.lang.String" uniqueid="[engine:junit-jupiter]/[class:Transport4Future.TokenManagement.TokenRequestTest]/[test-template:invalidTestCases(java.lang.String, java.lang.String)]/[test-template-invocation:#47]"/>
      <testcase name="invalidTestCases" classname="Transport4Future.TokenManagement.TokenRequestTest" time="0.002" dynamicTest="true" displayname="48 - {2}" parameters="java.lang.String,java.lang.String" uniqueid="[engine:junit-jupiter]/[class:Transport4Future.TokenManagement.TokenRequestTest]/[test-template:invalidTestCases(java.lang.String, java.lang.String)]/[test-template-invocation:#48]"/>
      <testcase name="invalidTestCases" classname="Transport4Future.TokenManagement.TokenRequestTest" time="0.001" dynamicTest="true" displayname="49 - {2}" parameters="java.lang.String,java.lang.String" uniqueid="[engine:junit-jupiter]/[class:Transport4Future.TokenManagement.TokenRequestTest]/[test-template:invalidTestCases(java.lang.String, java.lang.String)]/[test-template-invocation:#49]"/>
      <testcase name="invalidTestCases" classname="Transport4Future.TokenManagement.TokenRequestTest" time="0.002" dynamicTest="true" displayname="50 - {2}" parameters="java.lang.String,java.lang.String" uniqueid="[engine:junit-jupiter]/[class:Transport4Future.TokenManagement.TokenRequestTest]/[test-template:invalidTestCases(java.lang.String, java.lang.String)]/[test-template-invocation:#50]"/>
      <testcase name="invalidTestCases" classname="Transport4Future.TokenManagement.TokenRequestTest" time="0.002" dynamicTest="true" displayname="51 - {2}" parameters="java.lang.String,java.lang.String" uniqueid="[engine:junit-jupiter]/[class:Transport4Future.TokenManagement.TokenRequestTest]/[test-template:invalidTestCases(java.lang.String, java.lang.String)]/[test-template-invocation:#51]"/>
      <testcase name="invalidTestCases" classname="Transport4Future.TokenManagement.TokenRequestTest" time="0.001" dynamicTest="true" displayname="52 - {2}" parameters="java.lang.String,java.lang.String" uniqueid="[engine:junit-jupiter]/[class:Transport4Future.TokenManagement.TokenRequestTest]/[test-template:invalidTestCases(java.lang.String, java.lang.String)]/[test-template-invocation:#52]"/>
      <testcase name="invalidTestCases" classname="Transport4Future.TokenManagement.TokenRequestTest" time="0.001" dynamicTest="true" displayname="53 - {2}" parameters="java.lang.String,java.lang.String" uniqueid="[engine:junit-jupiter]/[class:Transport4Future.TokenManagement.TokenRequestTest]/[test-template:invalidTestCases(java.lang.String, java.lang.String)]/[test-template-invocation:#53]"/>
      <testcase name="invalidTestCases" classname="Transport4Future.TokenManagement.TokenRequestTest" time="0.002" dynamicTest="true" displayname="54 - {2}" parameters="java.lang.String,java.lang.String" uniqueid="[engine:junit-jupiter]/[class:Transport4Future.TokenManagement.TokenRequestTest]/[test-template:invalidTestCases(java.lang.String, java.lang.String)]/[test-template-invocation:#54]"/>
      <testcase name="invalidTestCases" classname="Transport4Future.TokenManagement.TokenRequestTest" time="0.001" dynamicTest="true" displayname="55 - {2}" parameters="java.lang.String,java.lang.String" uniqueid="[engine:junit-jupiter]/[class:Transport4Future.TokenManagement.TokenRequestTest]/[test-template:invalidTestCases(java.lang.String, java.lang.String)]/[test-template-invocation:#55]"/>
      <testcase name="invalidTestCases" classname="Transport4Future.TokenManagement.TokenRequestTest" time="0.001" dynamicTest="true" displayname="56 - {2}" parameters="java.lang.String,java.lang.String" uniqueid="[engine:junit-jupiter]/[class:Transport4Future.TokenManagement.TokenRequestTest]/[test-template:invalidTestCases(java.lang.String, java.lang.String)]/[test-template-invocation:#56]"/>
      <testcase name="invalidTestCases" classname="Transport4Future.TokenManagement.TokenRequestTest" time="0.002" dynamicTest="true" displayname="57 - {2}" parameters="java.lang.String,java.lang.String" uniqueid="[engine:junit-jupiter]/[class:Transport4Future.TokenManagement.TokenRequestTest]/[test-template:invalidTestCases(java.lang.String, java.lang.String)]/[test-template-invocation:#57]"/>
      <testcase name="invalidTestCases" classname="Transport4Future.TokenManagement.TokenRequestTest" time="0.001" dynamicTest="true" displayname="58 - {2}" parameters="java.lang.String,java.lang.String" uniqueid="[engine:junit-jupiter]/[class:Transport4Future.TokenManagement.TokenRequestTest]/[test-template:invalidTestCases(java.lang.String, java.lang.String)]/[test-template-invocation:#58]"/>
      <testcase name="invalidTestCases" classname="Transport4Future.TokenManagement.TokenRequestTest" time="0.002" dynamicTest="true" displayname="59 - {2}" parameters="java.lang.String,java.lang.String" uniqueid="[engine:junit-jupiter]/[class:Transport4Future.TokenManagement.TokenRequestTest]/[test-template:invalidTestCases(java.lang.String, java.lang.String)]/[test-template-invocation:#59]"/>
      <testcase name="invalidTestCases" classname="Transport4Future.TokenManagement.TokenRequestTest" time="0.001" dynamicTest="true" displayname="60 - {2}" parameters="java.lang.String,java.lang.String" uniqueid="[engine:junit-jupiter]/[class:Transport4Future.TokenManagement.TokenRequestTest]/[test-template:invalidTestCases(java.lang.String, java.lang.String)]/[test-template-invocation:#60]"/>
      <testcase name="invalidTestCases" classname="Transport4Future.TokenManagement.TokenRequestTest" time="0.002" dynamicTest="true" displayname="61 - {2}" parameters="java.lang.String,java.lang.String" uniqueid="[engine:junit-jupiter]/[class:Transport4Future.TokenManagement.TokenRequestTest]/[test-template:invalidTestCases(java.lang.String, java.lang.String)]/[test-template-invocation:#61]"/>
      <testcase name="invalidTestCases" classname="Transport4Future.TokenManagement.TokenRequestTest" time="0.002" dynamicTest="true" displayname="62 - {2}" parameters="java.lang.String,java.lang.String" uniqueid="[engine:junit-jupiter]/[class:Transport4Future.TokenManagement.TokenRequestTest]/[test-template:invalidTestCases(java.lang.String, java.lang.String)]/[test-template-invocation:#62]"/>
      <testcase name="invalidTestCases" classname="Transport4Future.TokenManagement.TokenRequestTest" time="0.001" dynamicTest="true" displayname="63 - {2}" parameters="java.lang.String,java.lang.String" uniqueid="[engine:junit-jupiter]/[class:Transport4Future.TokenManagement.TokenRequestTest]/[test-template:invalidTestCases(java.lang.String, java.lang.String)]/[test-template-invocation:#63]"/>
      <testcase name="invalidTestCases" classname="Transport4Future.TokenManagement.TokenRequestTest" time="0.002" dynamicTest="true" displayname="64 - {2}" parameters="java.lang.String,java.lang.String" uniqueid="[engine:junit-jupiter]/[class:Transport4Future.TokenManagement.TokenRequestTest]/[test-template:invalidTestCases(java.lang.String, java.lang.String)]/[test-template-invocation:#64]"/>
      <testcase name="invalidTestCases" classname="Transport4Future.TokenManagement.TokenRequestTest" time="0.002" dynamicTest="true" displayname="65 - {2}" parameters="java.lang.String,java.lang.String" uniqueid="[engine:junit-jupiter]/[class:Transport4Future.TokenManagement.TokenRequestTest]/[test-template:invalidTestCases(java.lang.String, java.lang.String)]/[test-template-invocation:#65]"/>
      <testcase name="invalidTestCases" classname="Transport4Future.TokenManagement.TokenRequestTest" time="0.002" dynamicTest="true" displayname="66 - {2}" parameters="java.lang.String,java.lang.String" uniqueid="[engine:junit-jupiter]/[class:Transport4Future.TokenManagement.TokenRequestTest]/[test-template:invalidTestCases(java.lang.String, java.lang.String)]/[test-template-invocation:#66]"/>
      <testcase name="invalidTestCases" classname="Transport4Future.TokenManagement.TokenRequestTest" time="0.002" dynamicTest="true" displayname="67 - {2}" parameters="java.lang.String,java.lang.String" uniqueid="[engine:junit-jupiter]/[class:Transport4Future.TokenManagement.TokenRequestTest]/[test-template:invalidTestCases(java.lang.String, java.lang.String)]/[test-template-invocation:#67]"/>
      <testcase name="invalidTestCases" classname="Transport4Future.TokenManagement.TokenRequestTest" time="0.001" dynamicTest="true" displayname="68 - {2}" parameters="java.lang.String,java.lang.String" uniqueid="[engine:junit-jupiter]/[class:Transport4Future.TokenManagement.TokenRequestTest]/[test-template:invalidTestCases(java.lang.String, java.lang.String)]/[test-template-invocation:#68]"/>
      <testcase name="invalidTestCases" classname="Transport4Future.TokenManagement.TokenRequestTest" time="0.003" dynamicTest="true" displayname="69 - {2}" parameters="java.lang.String,java.lang.String" uniqueid="[engine:junit-jupiter]/[class:Transport4Future.TokenManagement.TokenRequestTest]/[test-template:invalidTestCases(java.lang.String, java.lang.String)]/[test-template-invocation:#69]"/>
    </testsuite>
    <testsuite name="validTestCases(Transport4Future.TokenManagement.TokenRequestTest)" time="0.004" displayname="Valid Test Cases" parameters="java.lang.String,java.lang.String" uniqueid="[engine:junit-jupiter]/[class:Transport4Future.TokenManagement.TokenRequestTest]/[test-template:validTestCases(java.lang.String, java.lang.String)]">
      <testcase name="validTestCases" classname="Transport4Future.TokenManagement.TokenRequestTest" time="0.004" dynamicTest="true" displayname="1 - {2}" parameters="java.lang.String,java.lang.String" uniqueid="[engine:junit-jupiter]/[class:Transport4Future.TokenManagement.TokenRequestTest]/[test-template:validTestCases(java.lang.String, java.lang.String)]/[test-template-invocation:#1]"/>
    </testsuite>
  </testsuite>
</testrun>
